{"meta": {"format": 3, "version": "7.13.4", "timestamp": "2026-03-22T00:27:52.101132", "branch_coverage": false, "show_contexts": false}, "files": {"app\\__init__.py": {"executed_lines": [], "summary": {"covered_lines": 0, "num_statements": 0, "percent_covered": 100.0, "percent_covered_display": "100", "missing_lines": 0, "excluded_lines": 0, "percent_statements_covered": 100.0, "percent_statements_covered_display": "100"}, "missing_lines": [], "excluded_lines": [], "functions": {"": {"executed_lines": [], "summary": {"covered_lines": 0, "num_statements": 0, "percent_covered": 100.0, "percent_covered_display": "100", "missing_lines": 0, "excluded_lines": 0, "percent_statements_covered": 100.0, "percent_statements_covered_display": "100"}, "missing_lines": [], "excluded_lines": [], "start_line": 1}}, "classes": {"": {"executed_lines": [], "summary": {"covered_lines": 0, "num_statements": 0, "percent_covered": 100.0, "percent_covered_display": "100", "missing_lines": 0, "excluded_lines": 0, "percent_statements_covered": 100.0, "percent_statements_covered_display": "100"}, "missing_lines": [], "excluded_lines": [], "start_line": 1}}}, "app\\agents\\__init__.py": {"executed_lines": [2, 3, 5], "summary": {"covered_lines": 3, "num_statements": 3, "percent_covered": 100.0, "percent_covered_display": "100", "missing_lines": 0, "excluded_lines": 0, "percent_statements_covered": 100.0, "percent_statements_covered_display": "100"}, "missing_lines": [], "excluded_lines": [], "functions": {"": {"executed_lines": [2, 3, 5], "summary": {"covered_lines": 3, "num_statements": 3, "percent_covered": 100.0, "percent_covered_display": "100", "missing_lines": 0, "excluded_lines": 0, "percent_statements_covered": 100.0, "percent_statements_covered_display": "100"}, "missing_lines": [], "excluded_lines": [], "start_line": 1}}, "classes": {"": {"executed_lines": [2, 3, 5], "summary": {"covered_lines": 3, "num_statements": 3, "percent_covered": 100.0, "percent_covered_display": "100", "missing_lines": 0, "excluded_lines": 0, "percent_statements_covered": 100.0, "percent_statements_covered_display": "100"}, "missing_lines": [], "excluded_lines": [], "start_line": 1}}}, "app\\agents\\agent_factory.py": {"executed_lines": [3, 4, 5, 6, 7, 9, 10, 21, 22, 24, 25, 26, 27, 29, 31, 32, 33, 41, 43, 46, 47, 49, 52, 55, 56, 57, 58, 59, 60, 61, 63, 64, 88, 89, 94, 100, 101, 102, 103, 104, 106, 107, 119, 120, 141, 142, 185, 186, 197, 198, 208, 209, 245, 246, 260, 261, 286, 287, 304, 306, 307, 308, 310, 315, 317, 318, 320, 322, 332, 333, 335, 337, 338, 340, 341, 342, 343, 345, 348, 349, 358, 359, 364, 366, 367, 372, 373, 375, 376, 383, 384, 390, 391, 397, 398, 403, 404, 409, 411, 412, 418, 425, 427, 429, 430, 431, 432, 433, 434, 436, 440, 441, 443, 444, 450, 456, 457, 467, 473, 474, 475, 477, 480, 496, 497, 508, 510, 511, 513, 514, 516, 517, 518, 519, 520, 522, 523, 531, 533, 534, 536, 537, 539], "summary": {"covered_lines": 143, "num_statements": 214, "percent_covered": 66.82242990654206, "percent_covered_display": "67", "missing_lines": 71, "excluded_lines": 0, "percent_statements_covered": 66.82242990654206, "percent_statements_covered_display": "67"}, "missing_lines": [72, 73, 74, 75, 76, 77, 78, 79, 80, 81, 82, 84, 85, 86, 95, 96, 97, 98, 99, 115, 116, 117, 126, 129, 133, 135, 151, 152, 153, 154, 157, 158, 159, 160, 161, 162, 164, 166, 167, 171, 172, 173, 174, 175, 176, 179, 180, 181, 182, 183, 188, 189, 190, 191, 192, 193, 194, 195, 204, 205, 206, 217, 218, 219, 220, 221, 223, 231, 232, 237, 258], "excluded_lines": [], "functions": {"AgentFactory.init_checkpointer": {"executed_lines": [], "summary": {"covered_lines": 0, "num_statements": 14, "percent_covered": 0.0, "percent_covered_display": "0", "missing_lines": 14, "excluded_lines": 0, "percent_statements_covered": 0.0, "percent_statements_covered_display": "0"}, "missing_lines": [72, 73, 74, 75, 76, 77, 78, 79, 80, 81, 82, 84, 85, 86], "excluded_lines": [], "start_line": 64}, "AgentFactory.close_checkpointer": {"executed_lines": [94, 100, 101, 102, 103, 104], "summary": {"covered_lines": 6, "num_statements": 11, "percent_covered": 54.54545454545455, "percent_covered_display": "55", "missing_lines": 5, "excluded_lines": 0, "percent_statements_covered": 54.54545454545455, "percent_statements_covered_display": "55"}, "missing_lines": [95, 96, 97, 98, 99], "excluded_lines": [], "start_line": 89}, "AgentFactory.get_checkpointer": {"executed_lines": [], "summary": {"covered_lines": 0, "num_statements": 3, "percent_covered": 0.0, "percent_covered_display": "0", "missing_lines": 3, "excluded_lines": 0, "percent_statements_covered": 0.0, "percent_statements_covered_display": "0"}, "missing_lines": [115, 116, 117], "excluded_lines": [], "start_line": 107}, "AgentFactory._get_store_index_config": {"executed_lines": [], "summary": {"covered_lines": 0, "num_statements": 4, "percent_covered": 0.0, "percent_covered_display": "0", "missing_lines": 4, "excluded_lines": 0, "percent_statements_covered": 0.0, "percent_statements_covered_display": "0"}, "missing_lines": [126, 129, 133, 135], "excluded_lines": [], "start_line": 120}, "AgentFactory.init_store": {"executed_lines": [], "summary": {"covered_lines": 0, "num_statements": 24, "percent_covered": 0.0, "percent_covered_display": "0", "missing_lines": 24, "excluded_lines": 0, "percent_statements_covered": 0.0, "percent_statements_covered_display": "0"}, "missing_lines": [151, 152, 153, 154, 157, 158, 159, 160, 161, 162, 164, 166, 167, 171, 172, 173, 174, 175, 176, 179, 180, 181, 182, 183], "excluded_lines": [], "start_line": 142}, "AgentFactory.close_store": {"executed_lines": [], "summary": {"covered_lines": 0, "num_statements": 8, "percent_covered": 0.0, "percent_covered_display": "0", "missing_lines": 8, "excluded_lines": 0, "percent_statements_covered": 0.0, "percent_statements_covered_display": "0"}, "missing_lines": [188, 189, 190, 191, 192, 193, 194, 195], "excluded_lines": [], "start_line": 186}, "AgentFactory.get_store": {"executed_lines": [], "summary": {"covered_lines": 0, "num_statements": 3, "percent_covered": 0.0, "percent_covered_display": "0", "missing_lines": 3, "excluded_lines": 0, "percent_statements_covered": 0.0, "percent_statements_covered_display": "0"}, "missing_lines": [204, 205, 206], "excluded_lines": [], "start_line": 198}, "AgentFactory._make_backend": {"executed_lines": [], "summary": {"covered_lines": 0, "num_statements": 5, "percent_covered": 0.0, "percent_covered_display": "0", "missing_lines": 5, "excluded_lines": 0, "percent_statements_covered": 0.0, "percent_statements_covered_display": "0"}, "missing_lines": [217, 223, 231, 232, 237], "excluded_lines": [], "start_line": 209}, "AgentFactory._make_backend.get_user_id": {"executed_lines": [], "summary": {"covered_lines": 0, "num_statements": 4, "percent_covered": 0.0, "percent_covered_display": "0", "missing_lines": 4, "excluded_lines": 0, "percent_statements_covered": 0.0, "percent_statements_covered_display": "0"}, "missing_lines": [218, 219, 220, 221], "excluded_lines": [], "start_line": 217}, "AgentFactory._get_or_create_backend": {"executed_lines": [], "summary": {"covered_lines": 0, "num_statements": 1, "percent_covered": 0.0, "percent_covered_display": "0", "missing_lines": 1, "excluded_lines": 0, "percent_statements_covered": 0.0, "percent_statements_covered_display": "0"}, "missing_lines": [258], "excluded_lines": [], "start_line": 246}, "AgentFactory.create_chat_agent": {"executed_lines": [286, 287, 304, 306, 307, 308, 310, 315, 317, 318, 320, 322, 332, 333, 335], "summary": {"covered_lines": 15, "num_statements": 15, "percent_covered": 100.0, "percent_covered_display": "100", "missing_lines": 0, "excluded_lines": 0, "percent_statements_covered": 100.0, "percent_statements_covered_display": "100"}, "missing_lines": [], "excluded_lines": [], "start_line": 261}, "AgentFactory._build_middleware": {"executed_lines": [340, 341, 342, 343, 345, 348, 349, 358, 359, 364, 366, 367, 372, 373, 375, 376, 383, 384, 390, 391, 397, 398, 403, 404, 409], "summary": {"covered_lines": 25, "num_statements": 25, "percent_covered": 100.0, "percent_covered_display": "100", "missing_lines": 0, "excluded_lines": 0, "percent_statements_covered": 100.0, "percent_statements_covered_display": "100"}, "missing_lines": [], "excluded_lines": [], "start_line": 338}, "AgentFactory.warmup": {"executed_lines": [418, 425, 427, 436, 440, 441], "summary": {"covered_lines": 6, "num_statements": 6, "percent_covered": 100.0, "percent_covered_display": "100", "missing_lines": 0, "excluded_lines": 0, "percent_statements_covered": 100.0, "percent_statements_covered_display": "100"}, "missing_lines": [], "excluded_lines": [], "start_line": 412}, "AgentFactory.warmup.create_agent_safe": {"executed_lines": [429, 430, 431, 432, 433, 434], "summary": {"covered_lines": 6, "num_statements": 6, "percent_covered": 100.0, "percent_covered_display": "100", "missing_lines": 0, "excluded_lines": 0, "percent_statements_covered": 100.0, "percent_statements_covered_display": "100"}, "missing_lines": [], "excluded_lines": [], "start_line": 427}, "AgentFactory.get_cache_stats": {"executed_lines": [450], "summary": {"covered_lines": 1, "num_statements": 1, "percent_covered": 100.0, "percent_covered_display": "100", "missing_lines": 0, "excluded_lines": 0, "percent_statements_covered": 100.0, "percent_statements_covered_display": "100"}, "missing_lines": [], "excluded_lines": [], "start_line": 444}, "AgentFactory.get_agent_config": {"executed_lines": [467, 473, 474, 475, 477], "summary": {"covered_lines": 5, "num_statements": 5, "percent_covered": 100.0, "percent_covered_display": "100", "missing_lines": 0, "excluded_lines": 0, "percent_statements_covered": 100.0, "percent_statements_covered_display": "100"}, "missing_lines": [], "excluded_lines": [], "start_line": 457}, "AgentLifecycle.initialize": {"executed_lines": [508, 510, 511, 513, 514, 516, 517, 518, 519, 520], "summary": {"covered_lines": 10, "num_statements": 10, "percent_covered": 100.0, "percent_covered_display": "100", "missing_lines": 0, "excluded_lines": 0, "percent_statements_covered": 100.0, "percent_statements_covered_display": "100"}, "missing_lines": [], "excluded_lines": [], "start_line": 497}, "AgentLifecycle.shutdown": {"executed_lines": [531, 533, 534, 536, 537, 539], "summary": {"covered_lines": 6, "num_statements": 6, "percent_covered": 100.0, "percent_covered_display": "100", "missing_lines": 0, "excluded_lines": 0, "percent_statements_covered": 100.0, "percent_statements_covered_display": "100"}, "missing_lines": [], "excluded_lines": [], "start_line": 523}, "": {"executed_lines": [3, 4, 5, 6, 7, 9, 10, 21, 22, 24, 25, 26, 27, 29, 31, 32, 33, 41, 43, 46, 47, 49, 52, 55, 56, 57, 58, 59, 60, 61, 63, 64, 88, 89, 106, 107, 119, 120, 141, 142, 185, 186, 197, 198, 208, 209, 245, 246, 260, 261, 337, 338, 411, 412, 443, 444, 456, 457, 480, 496, 497, 522, 523], "summary": {"covered_lines": 63, "num_statements": 63, "percent_covered": 100.0, "percent_covered_display": "100", "missing_lines": 0, "excluded_lines": 0, "percent_statements_covered": 100.0, "percent_statements_covered_display": "100"}, "missing_lines": [], "excluded_lines": [], "start_line": 1}}, "classes": {"AgentContext": {"executed_lines": [], "summary": {"covered_lines": 0, "num_statements": 0, "percent_covered": 100.0, "percent_covered_display": "100", "missing_lines": 0, "excluded_lines": 0, "percent_statements_covered": 100.0, "percent_statements_covered_display": "100"}, "missing_lines": [], "excluded_lines": [], "start_line": 47}, "AgentFactory": {"executed_lines": [94, 100, 101, 102, 103, 104, 286, 287, 304, 306, 307, 308, 310, 315, 317, 318, 320, 322, 332, 333, 335, 340, 341, 342, 343, 345, 348, 349, 358, 359, 364, 366, 367, 372, 373, 375, 376, 383, 384, 390, 391, 397, 398, 403, 404, 409, 418, 425, 427, 429, 430, 431, 432, 433, 434, 436, 440, 441, 450, 467, 473, 474, 475, 477], "summary": {"covered_lines": 64, "num_statements": 135, "percent_covered": 47.407407407407405, "percent_covered_display": "47", "missing_lines": 71, "excluded_lines": 0, "percent_statements_covered": 47.407407407407405, "percent_statements_covered_display": "47"}, "missing_lines": [72, 73, 74, 75, 76, 77, 78, 79, 80, 81, 82, 84, 85, 86, 95, 96, 97, 98, 99, 115, 116, 117, 126, 129, 133, 135, 151, 152, 153, 154, 157, 158, 159, 160, 161, 162, 164, 166, 167, 171, 172, 173, 174, 175, 176, 179, 180, 181, 182, 183, 188, 189, 190, 191, 192, 193, 194, 195, 204, 205, 206, 217, 218, 219, 220, 221, 223, 231, 232, 237, 258], "excluded_lines": [], "start_line": 52}, "AgentLifecycle": {"executed_lines": [508, 510, 511, 513, 514, 516, 517, 518, 519, 520, 531, 533, 534, 536, 537, 539], "summary": {"covered_lines": 16, "num_statements": 16, "percent_covered": 100.0, "percent_covered_display": "100", "missing_lines": 0, "excluded_lines": 0, "percent_statements_covered": 100.0, "percent_statements_covered_display": "100"}, "missing_lines": [], "excluded_lines": [], "start_line": 480}, "": {"executed_lines": [3, 4, 5, 6, 7, 9, 10, 21, 22, 24, 25, 26, 27, 29, 31, 32, 33, 41, 43, 46, 47, 49, 52, 55, 56, 57, 58, 59, 60, 61, 63, 64, 88, 89, 106, 107, 119, 120, 141, 142, 185, 186, 197, 198, 208, 209, 245, 246, 260, 261, 337, 338, 411, 412, 443, 444, 456, 457, 480, 496, 497, 522, 523], "summary": {"covered_lines": 63, "num_statements": 63, "percent_covered": 100.0, "percent_covered_display": "100", "missing_lines": 0, "excluded_lines": 0, "percent_statements_covered": 100.0, "percent_statements_covered_display": "100"}, "missing_lines": [], "excluded_lines": [], "start_line": 1}}}, "app\\agents\\error_classifier.py": {"executed_lines": [1, 2, 5, 7, 8, 9, 10, 11, 12, 13, 14, 17, 20, 25, 31, 37, 44, 52, 60, 61, 70, 71, 73, 75, 78, 81, 84, 85, 87, 90, 91, 93, 95, 96, 98, 104, 105, 112, 122], "summary": {"covered_lines": 39, "num_statements": 43, "percent_covered": 90.69767441860465, "percent_covered_display": "91", "missing_lines": 4, "excluded_lines": 0, "percent_statements_covered": 90.69767441860465, "percent_statements_covered_display": "91"}, "missing_lines": [76, 79, 82, 88], "excluded_lines": [], "functions": {"AgentErrorClassifier.classify": {"executed_lines": [70, 71, 73, 75, 78, 81, 84, 85, 87, 90, 91, 93], "summary": {"covered_lines": 12, "num_statements": 16, "percent_covered": 75.0, "percent_covered_display": "75", "missing_lines": 4, "excluded_lines": 0, "percent_statements_covered": 75.0, "percent_statements_covered_display": "75"}, "missing_lines": [76, 79, 82, 88], "excluded_lines": [], "start_line": 61}, "AgentErrorClassifier.is_retryable": {"executed_lines": [98], "summary": {"covered_lines": 1, "num_statements": 1, "percent_covered": 100.0, "percent_covered_display": "100", "missing_lines": 0, "excluded_lines": 0, "percent_statements_covered": 100.0, "percent_statements_covered_display": "100"}, "missing_lines": [], "excluded_lines": [], "start_line": 96}, "AgentErrorClassifier.get_user_message": {"executed_lines": [112, 122], "summary": {"covered_lines": 2, "num_statements": 2, "percent_covered": 100.0, "percent_covered_display": "100", "missing_lines": 0, "excluded_lines": 0, "percent_statements_covered": 100.0, "percent_statements_covered_display": "100"}, "missing_lines": [], "excluded_lines": [], "start_line": 105}, "": {"executed_lines": [1, 2, 5, 7, 8, 9, 10, 11, 12, 13, 14, 17, 20, 25, 31, 37, 44, 52, 60, 61, 95, 96, 104, 105], "summary": {"covered_lines": 24, "num_statements": 24, "percent_covered": 100.0, "percent_covered_display": "100", "missing_lines": 0, "excluded_lines": 0, "percent_statements_covered": 100.0, "percent_statements_covered_display": "100"}, "missing_lines": [], "excluded_lines": [], "start_line": 1}}, "classes": {"AgentErrorType": {"executed_lines": [], "summary": {"covered_lines": 0, "num_statements": 0, "percent_covered": 100.0, "percent_covered_display": "100", "missing_lines": 0, "excluded_lines": 0, "percent_statements_covered": 100.0, "percent_statements_covered_display": "100"}, "missing_lines": [], "excluded_lines": [], "start_line": 5}, "AgentErrorClassifier": {"executed_lines": [70, 71, 73, 75, 78, 81, 84, 85, 87, 90, 91, 93, 98, 112, 122], "summary": {"covered_lines": 15, "num_statements": 19, "percent_covered": 78.94736842105263, "percent_covered_display": "79", "missing_lines": 4, "excluded_lines": 0, "percent_statements_covered": 78.94736842105263, "percent_statements_covered_display": "79"}, "missing_lines": [76, 79, 82, 88], "excluded_lines": [], "start_line": 17}, "": {"executed_lines": [1, 2, 5, 7, 8, 9, 10, 11, 12, 13, 14, 17, 20, 25, 31, 37, 44, 52, 60, 61, 95, 96, 104, 105], "summary": {"covered_lines": 24, "num_statements": 24, "percent_covered": 100.0, "percent_covered_display": "100", "missing_lines": 0, "excluded_lines": 0, "percent_statements_covered": 100.0, "percent_statements_covered_display": "100"}, "missing_lines": [], "excluded_lines": [], "start_line": 1}}}, "app\\agents\\middleware\\__init__.py": {"executed_lines": [8, 9, 11], "summary": {"covered_lines": 3, "num_statements": 3, "percent_covered": 100.0, "percent_covered_display": "100", "missing_lines": 0, "excluded_lines": 0, "percent_statements_covered": 100.0, "percent_statements_covered_display": "100"}, "missing_lines": [], "excluded_lines": [], "functions": {"": {"executed_lines": [8, 9, 11], "summary": {"covered_lines": 3, "num_statements": 3, "percent_covered": 100.0, "percent_covered_display": "100", "missing_lines": 0, "excluded_lines": 0, "percent_statements_covered": 100.0, "percent_statements_covered_display": "100"}, "missing_lines": [], "excluded_lines": [], "start_line": 1}}, "classes": {"": {"executed_lines": [8, 9, 11], "summary": {"covered_lines": 3, "num_statements": 3, "percent_covered": 100.0, "percent_covered_display": "100", "missing_lines": 0, "excluded_lines": 0, "percent_statements_covered": 100.0, "percent_statements_covered_display": "100"}, "missing_lines": [], "excluded_lines": [], "start_line": 1}}}, "app\\agents\\middleware\\memory.py": {"executed_lines": [28, 29, 30, 31, 32, 34, 35, 37, 41, 58, 84, 118, 120, 131, 132, 133, 134, 135, 136, 137, 139, 141, 149, 157, 169, 183, 193, 200, 220, 235, 275, 326, 344, 371, 409], "summary": {"covered_lines": 35, "num_statements": 185, "percent_covered": 18.91891891891892, "percent_covered_display": "19", "missing_lines": 150, "excluded_lines": 0, "percent_statements_covered": 18.91891891891892, "percent_statements_covered_display": "19"}, "missing_lines": [143, 144, 145, 146, 147, 151, 152, 153, 154, 155, 159, 160, 161, 162, 164, 165, 166, 167, 171, 173, 174, 175, 176, 177, 178, 179, 180, 181, 185, 186, 187, 188, 189, 190, 191, 195, 196, 197, 198, 206, 207, 210, 211, 212, 215, 216, 218, 222, 223, 225, 226, 227, 228, 229, 230, 231, 233, 237, 238, 240, 241, 243, 245, 246, 252, 257, 259, 260, 263, 268, 270, 271, 273, 282, 283, 285, 288, 291, 292, 293, 294, 296, 297, 298, 300, 301, 304, 305, 308, 309, 311, 314, 315, 316, 318, 321, 322, 324, 328, 329, 330, 331, 332, 334, 335, 336, 337, 339, 340, 342, 346, 348, 349, 350, 351, 352, 353, 354, 355, 357, 360, 361, 363, 368, 369, 373, 376, 377, 378, 379, 380, 381, 382, 384, 389, 390, 391, 392, 393, 394, 395, 397, 402, 403, 404, 405, 421, 424, 429, 430], "excluded_lines": [], "functions": {"MemoryMiddleware.__init__": {"executed_lines": [131, 132, 133, 134, 135, 136, 137, 139], "summary": {"covered_lines": 8, "num_statements": 8, "percent_covered": 100.0, "percent_covered_display": "100", "missing_lines": 0, "excluded_lines": 0, "percent_statements_covered": 100.0, "percent_statements_covered_display": "100"}, "missing_lines": [], "excluded_lines": [], "start_line": 120}, "MemoryMiddleware._get_user_namespace": {"executed_lines": [], "summary": {"covered_lines": 0, "num_statements": 5, "percent_covered": 0.0, "percent_covered_display": "0", "missing_lines": 5, "excluded_lines": 0, "percent_statements_covered": 0.0, "percent_statements_covered_display": "0"}, "missing_lines": [143, 144, 145, 146, 147], "excluded_lines": [], "start_line": 141}, "MemoryMiddleware._get_last_user_message": {"executed_lines": [], "summary": {"covered_lines": 0, "num_statements": 5, "percent_covered": 0.0, "percent_covered_display": "0", "missing_lines": 5, "excluded_lines": 0, "percent_statements_covered": 0.0, "percent_statements_covered_display": "0"}, "missing_lines": [151, 152, 153, 154, 155], "excluded_lines": [], "start_line": 149}, "MemoryMiddleware._count_user_messages": {"executed_lines": [], "summary": {"covered_lines": 0, "num_statements": 8, "percent_covered": 0.0, "percent_covered_display": "0", "missing_lines": 8, "excluded_lines": 0, "percent_statements_covered": 0.0, "percent_statements_covered_display": "0"}, "missing_lines": [159, 160, 161, 162, 164, 165, 166, 167], "excluded_lines": [], "start_line": 157}, "MemoryMiddleware._check_keyword_trigger": {"executed_lines": [], "summary": {"covered_lines": 0, "num_statements": 10, "percent_covered": 0.0, "percent_covered_display": "0", "missing_lines": 10, "excluded_lines": 0, "percent_statements_covered": 0.0, "percent_statements_covered_display": "0"}, "missing_lines": [171, 173, 174, 175, 176, 177, 178, 179, 180, 181], "excluded_lines": [], "start_line": 169}, "MemoryMiddleware._get_meta": {"executed_lines": [], "summary": {"covered_lines": 0, "num_statements": 7, "percent_covered": 0.0, "percent_covered_display": "0", "missing_lines": 7, "excluded_lines": 0, "percent_statements_covered": 0.0, "percent_statements_covered_display": "0"}, "missing_lines": [185, 186, 187, 188, 189, 190, 191], "excluded_lines": [], "start_line": 183}, "MemoryMiddleware._save_meta": {"executed_lines": [], "summary": {"covered_lines": 0, "num_statements": 4, "percent_covered": 0.0, "percent_covered_display": "0", "missing_lines": 4, "excluded_lines": 0, "percent_statements_covered": 0.0, "percent_statements_covered_display": "0"}, "missing_lines": [195, 196, 197, 198], "excluded_lines": [], "start_line": 193}, "MemoryMiddleware._should_extract": {"executed_lines": [], "summary": {"covered_lines": 0, "num_statements": 8, "percent_covered": 0.0, "percent_covered_display": "0", "missing_lines": 8, "excluded_lines": 0, "percent_statements_covered": 0.0, "percent_statements_covered_display": "0"}, "missing_lines": [206, 207, 210, 211, 212, 215, 216, 218], "excluded_lines": [], "start_line": 200}, "MemoryMiddleware._get_conversation_summary": {"executed_lines": [], "summary": {"covered_lines": 0, "num_statements": 10, "percent_covered": 0.0, "percent_covered_display": "0", "missing_lines": 10, "excluded_lines": 0, "percent_statements_covered": 0.0, "percent_statements_covered_display": "0"}, "missing_lines": [222, 223, 225, 226, 227, 228, 229, 230, 231, 233], "excluded_lines": [], "start_line": 220}, "MemoryMiddleware.abefore_agent": {"executed_lines": [], "summary": {"covered_lines": 0, "num_statements": 16, "percent_covered": 0.0, "percent_covered_display": "0", "missing_lines": 16, "excluded_lines": 0, "percent_statements_covered": 0.0, "percent_statements_covered_display": "0"}, "missing_lines": [237, 238, 240, 241, 243, 245, 246, 252, 257, 259, 260, 263, 268, 270, 271, 273], "excluded_lines": [], "start_line": 235}, "MemoryMiddleware.aafter_agent": {"executed_lines": [], "summary": {"covered_lines": 0, "num_statements": 25, "percent_covered": 0.0, "percent_covered_display": "0", "missing_lines": 25, "excluded_lines": 0, "percent_statements_covered": 0.0, "percent_statements_covered_display": "0"}, "missing_lines": [282, 283, 285, 288, 291, 292, 293, 294, 296, 297, 298, 300, 301, 304, 305, 308, 309, 311, 314, 315, 316, 318, 321, 322, 324], "excluded_lines": [], "start_line": 275}, "MemoryMiddleware._format_memories": {"executed_lines": [], "summary": {"covered_lines": 0, "num_statements": 12, "percent_covered": 0.0, "percent_covered_display": "0", "missing_lines": 12, "excluded_lines": 0, "percent_statements_covered": 0.0, "percent_statements_covered_display": "0"}, "missing_lines": [328, 329, 330, 331, 332, 334, 335, 336, 337, 339, 340, 342], "excluded_lines": [], "start_line": 326}, "MemoryMiddleware._parse_extraction": {"executed_lines": [], "summary": {"covered_lines": 0, "num_statements": 15, "percent_covered": 0.0, "percent_covered_display": "0", "missing_lines": 15, "excluded_lines": 0, "percent_statements_covered": 0.0, "percent_statements_covered_display": "0"}, "missing_lines": [346, 348, 349, 350, 351, 352, 353, 354, 355, 357, 360, 361, 363, 368, 369], "excluded_lines": [], "start_line": 344}, "MemoryMiddleware._save_memories": {"executed_lines": [], "summary": {"covered_lines": 0, "num_statements": 21, "percent_covered": 0.0, "percent_covered_display": "0", "missing_lines": 21, "excluded_lines": 0, "percent_statements_covered": 0.0, "percent_statements_covered_display": "0"}, "missing_lines": [373, 376, 377, 378, 379, 380, 381, 382, 384, 389, 390, 391, 392, 393, 394, 395, 397, 402, 403, 404, 405], "excluded_lines": [], "start_line": 371}, "MemoryMiddleware._write_memory_file": {"executed_lines": [], "summary": {"covered_lines": 0, "num_statements": 4, "percent_covered": 0.0, "percent_covered_display": "0", "missing_lines": 4, "excluded_lines": 0, "percent_statements_covered": 0.0, "percent_statements_covered_display": "0"}, "missing_lines": [421, 424, 429, 430], "excluded_lines": [], "start_line": 409}, "": {"executed_lines": [28, 29, 30, 31, 32, 34, 35, 37, 41, 58, 84, 118, 120, 141, 149, 157, 169, 183, 193, 200, 220, 235, 275, 326, 344, 371, 409], "summary": {"covered_lines": 27, "num_statements": 27, "percent_covered": 100.0, "percent_covered_display": "100", "missing_lines": 0, "excluded_lines": 0, "percent_statements_covered": 100.0, "percent_statements_covered_display": "100"}, "missing_lines": [], "excluded_lines": [], "start_line": 1}}, "classes": {"MemoryMiddleware": {"executed_lines": [131, 132, 133, 134, 135, 136, 137, 139], "summary": {"covered_lines": 8, "num_statements": 158, "percent_covered": 5.063291139240507, "percent_covered_display": "5", "missing_lines": 150, "excluded_lines": 0, "percent_statements_covered": 5.063291139240507, "percent_statements_covered_display": "5"}, "missing_lines": [143, 144, 145, 146, 147, 151, 152, 153, 154, 155, 159, 160, 161, 162, 164, 165, 166, 167, 171, 173, 174, 175, 176, 177, 178, 179, 180, 181, 185, 186, 187, 188, 189, 190, 191, 195, 196, 197, 198, 206, 207, 210, 211, 212, 215, 216, 218, 222, 223, 225, 226, 227, 228, 229, 230, 231, 233, 237, 238, 240, 241, 243, 245, 246, 252, 257, 259, 260, 263, 268, 270, 271, 273, 282, 283, 285, 288, 291, 292, 293, 294, 296, 297, 298, 300, 301, 304, 305, 308, 309, 311, 314, 315, 316, 318, 321, 322, 324, 328, 329, 330, 331, 332, 334, 335, 336, 337, 339, 340, 342, 346, 348, 349, 350, 351, 352, 353, 354, 355, 357, 360, 361, 363, 368, 369, 373, 376, 377, 378, 379, 380, 381, 382, 384, 389, 390, 391, 392, 393, 394, 395, 397, 402, 403, 404, 405, 421, 424, 429, 430], "excluded_lines": [], "start_line": 84}, "": {"executed_lines": [28, 29, 30, 31, 32, 34, 35, 37, 41, 58, 84, 118, 120, 141, 149, 157, 169, 183, 193, 200, 220, 235, 275, 326, 344, 371, 409], "summary": {"covered_lines": 27, "num_statements": 27, "percent_covered": 100.0, "percent_covered_display": "100", "missing_lines": 0, "excluded_lines": 0, "percent_statements_covered": 100.0, "percent_statements_covered_display": "100"}, "missing_lines": [], "excluded_lines": [], "start_line": 1}}}, "app\\agents\\middleware\\skills.py": {"executed_lines": [6, 7, 10, 35, 51, 54, 55], "summary": {"covered_lines": 7, "num_statements": 7, "percent_covered": 100.0, "percent_covered_display": "100", "missing_lines": 0, "excluded_lines": 0, "percent_statements_covered": 100.0, "percent_statements_covered_display": "100"}, "missing_lines": [], "excluded_lines": [], "functions": {"CustomSkillsMiddleware.__init__": {"executed_lines": [51, 54, 55], "summary": {"covered_lines": 3, "num_statements": 3, "percent_covered": 100.0, "percent_covered_display": "100", "missing_lines": 0, "excluded_lines": 0, "percent_statements_covered": 100.0, "percent_statements_covered_display": "100"}, "missing_lines": [], "excluded_lines": [], "start_line": 35}, "": {"executed_lines": [6, 7, 10, 35], "summary": {"covered_lines": 4, "num_statements": 4, "percent_covered": 100.0, "percent_covered_display": "100", "missing_lines": 0, "excluded_lines": 0, "percent_statements_covered": 100.0, "percent_statements_covered_display": "100"}, "missing_lines": [], "excluded_lines": [], "start_line": 1}}, "classes": {"CustomSkillsMiddleware": {"executed_lines": [51, 54, 55], "summary": {"covered_lines": 3, "num_statements": 3, "percent_covered": 100.0, "percent_covered_display": "100", "missing_lines": 0, "excluded_lines": 0, "percent_statements_covered": 100.0, "percent_statements_covered_display": "100"}, "missing_lines": [], "excluded_lines": [], "start_line": 10}, "": {"executed_lines": [6, 7, 10, 35], "summary": {"covered_lines": 4, "num_statements": 4, "percent_covered": 100.0, "percent_covered_display": "100", "missing_lines": 0, "excluded_lines": 0, "percent_statements_covered": 100.0, "percent_statements_covered_display": "100"}, "missing_lines": [], "excluded_lines": [], "start_line": 1}}}, "app\\agents\\prompts.py": {"executed_lines": [10, 21, 42, 109, 125, 184], "summary": {"covered_lines": 6, "num_statements": 6, "percent_covered": 100.0, "percent_covered_display": "100", "missing_lines": 0, "excluded_lines": 0, "percent_statements_covered": 100.0, "percent_statements_covered_display": "100"}, "missing_lines": [], "excluded_lines": [], "functions": {"": {"executed_lines": [10, 21, 42, 109, 125, 184], "summary": {"covered_lines": 6, "num_statements": 6, "percent_covered": 100.0, "percent_covered_display": "100", "missing_lines": 0, "excluded_lines": 0, "percent_statements_covered": 100.0, "percent_statements_covered_display": "100"}, "missing_lines": [], "excluded_lines": [], "start_line": 1}}, "classes": {"": {"executed_lines": [10, 21, 42, 109, 125, 184], "summary": {"covered_lines": 6, "num_statements": 6, "percent_covered": 100.0, "percent_covered_display": "100", "missing_lines": 0, "excluded_lines": 0, "percent_statements_covered": 100.0, "percent_statements_covered_display": "100"}, "missing_lines": [], "excluded_lines": [], "start_line": 1}}}, "app\\agents\\tools\\__init__.py": {"executed_lines": [3, 4, 5, 6, 7, 8, 9, 14, 27], "summary": {"covered_lines": 9, "num_statements": 9, "percent_covered": 100.0, "percent_covered_display": "100", "missing_lines": 0, "excluded_lines": 0, "percent_statements_covered": 100.0, "percent_statements_covered_display": "100"}, "missing_lines": [], "excluded_lines": [], "functions": {"": {"executed_lines": [3, 4, 5, 6, 7, 8, 9, 14, 27], "summary": {"covered_lines": 9, "num_statements": 9, "percent_covered": 100.0, "percent_covered_display": "100", "missing_lines": 0, "excluded_lines": 0, "percent_statements_covered": 100.0, "percent_statements_covered_display": "100"}, "missing_lines": [], "excluded_lines": [], "start_line": 1}}, "classes": {"": {"executed_lines": [3, 4, 5, 6, 7, 8, 9, 14, 27], "summary": {"covered_lines": 9, "num_statements": 9, "percent_covered": 100.0, "percent_covered_display": "100", "missing_lines": 0, "excluded_lines": 0, "percent_statements_covered": 100.0, "percent_statements_covered_display": "100"}, "missing_lines": [], "excluded_lines": [], "start_line": 1}}}, "app\\agents\\tools\\code.py": {"executed_lines": [3, 4, 5, 8, 9, 33, 34, 44, 45, 47, 53, 54], "summary": {"covered_lines": 12, "num_statements": 12, "percent_covered": 100.0, "percent_covered_display": "100", "missing_lines": 0, "excluded_lines": 0, "percent_statements_covered": 100.0, "percent_statements_covered_display": "100"}, "missing_lines": [], "excluded_lines": [], "functions": {"code_assist": {"executed_lines": [33, 34, 44, 45, 47, 53, 54], "summary": {"covered_lines": 7, "num_statements": 7, "percent_covered": 100.0, "percent_covered_display": "100", "missing_lines": 0, "excluded_lines": 0, "percent_statements_covered": 100.0, "percent_statements_covered_display": "100"}, "missing_lines": [], "excluded_lines": [], "start_line": 9}, "": {"executed_lines": [3, 4, 5, 8, 9], "summary": {"covered_lines": 5, "num_statements": 5, "percent_covered": 100.0, "percent_covered_display": "100", "missing_lines": 0, "excluded_lines": 0, "percent_statements_covered": 100.0, "percent_statements_covered_display": "100"}, "missing_lines": [], "excluded_lines": [], "start_line": 1}}, "classes": {"": {"executed_lines": [3, 4, 5, 8, 9, 33, 34, 44, 45, 47, 53, 54], "summary": {"covered_lines": 12, "num_statements": 12, "percent_covered": 100.0, "percent_covered_display": "100", "missing_lines": 0, "excluded_lines": 0, "percent_statements_covered": 100.0, "percent_statements_covered_display": "100"}, "missing_lines": [], "excluded_lines": [], "start_line": 1}}}, "app\\agents\\tools\\document.py": {"executed_lines": [3, 4, 5, 6, 8, 10, 11, 13, 15, 18, 39, 67, 83, 84, 102, 103, 107, 108, 110, 113, 114, 118, 120, 123, 132, 138, 175, 208, 209, 221, 222, 226, 229, 230, 232, 235, 236], "summary": {"covered_lines": 37, "num_statements": 137, "percent_covered": 27.00729927007299, "percent_covered_display": "27", "missing_lines": 100, "excluded_lines": 0, "percent_statements_covered": 27.00729927007299, "percent_statements_covered_display": "27"}, "missing_lines": [31, 32, 33, 34, 35, 36, 41, 43, 44, 46, 48, 49, 50, 51, 52, 54, 55, 56, 57, 58, 59, 60, 61, 63, 64, 69, 70, 72, 73, 74, 75, 76, 77, 79, 80, 104, 105, 111, 119, 121, 124, 125, 126, 127, 129, 130, 134, 135, 140, 141, 142, 143, 145, 147, 148, 149, 150, 151, 153, 155, 156, 158, 159, 160, 162, 164, 165, 167, 169, 170, 171, 172, 177, 179, 181, 182, 183, 185, 186, 187, 188, 189, 191, 193, 194, 195, 196, 198, 199, 200, 201, 202, 203, 205, 223, 224, 227, 233, 237, 238], "excluded_lines": [], "functions": {"_resolve_path": {"executed_lines": [], "summary": {"covered_lines": 0, "num_statements": 6, "percent_covered": 0.0, "percent_covered_display": "0", "missing_lines": 6, "excluded_lines": 0, "percent_statements_covered": 0.0, "percent_statements_covered_display": "0"}, "missing_lines": [31, 32, 33, 34, 35, 36], "excluded_lines": [], "start_line": 18}, "_read_pdf_sync": {"executed_lines": [], "summary": {"covered_lines": 0, "num_statements": 19, "percent_covered": 0.0, "percent_covered_display": "0", "missing_lines": 19, "excluded_lines": 0, "percent_statements_covered": 0.0, "percent_statements_covered_display": "0"}, "missing_lines": [41, 43, 44, 46, 48, 49, 50, 51, 52, 54, 55, 56, 57, 58, 59, 60, 61, 63, 64], "excluded_lines": [], "start_line": 39}, "_render_pdf_page_sync": {"executed_lines": [], "summary": {"covered_lines": 0, "num_statements": 10, "percent_covered": 0.0, "percent_covered_display": "0", "missing_lines": 10, "excluded_lines": 0, "percent_statements_covered": 0.0, "percent_statements_covered_display": "0"}, "missing_lines": [69, 70, 72, 73, 74, 75, 76, 77, 79, 80], "excluded_lines": [], "start_line": 67}, "read_pdf": {"executed_lines": [102, 103, 107, 108, 110, 113, 114, 118, 120, 123, 132], "summary": {"covered_lines": 11, "num_statements": 24, "percent_covered": 45.833333333333336, "percent_covered_display": "46", "missing_lines": 13, "excluded_lines": 0, "percent_statements_covered": 45.833333333333336, "percent_statements_covered_display": "46"}, "missing_lines": [104, 105, 111, 119, 121, 124, 125, 126, 127, 129, 130, 134, 135], "excluded_lines": [], "start_line": 84}, "_ocr_pdf": {"executed_lines": [], "summary": {"covered_lines": 0, "num_statements": 24, "percent_covered": 0.0, "percent_covered_display": "0", "missing_lines": 24, "excluded_lines": 0, "percent_statements_covered": 0.0, "percent_statements_covered_display": "0"}, "missing_lines": [140, 141, 142, 143, 145, 147, 148, 149, 150, 151, 153, 155, 156, 158, 159, 160, 162, 164, 165, 167, 169, 170, 171, 172], "excluded_lines": [], "start_line": 138}, "_read_word_sync": {"executed_lines": [], "summary": {"covered_lines": 0, "num_statements": 22, "percent_covered": 0.0, "percent_covered_display": "0", "missing_lines": 22, "excluded_lines": 0, "percent_statements_covered": 0.0, "percent_statements_covered_display": "0"}, "missing_lines": [177, 179, 181, 182, 183, 185, 186, 187, 188, 189, 191, 193, 194, 195, 196, 198, 199, 200, 201, 202, 203, 205], "excluded_lines": [], "start_line": 175}, "read_word": {"executed_lines": [221, 222, 226, 229, 230, 232, 235, 236], "summary": {"covered_lines": 8, "num_statements": 14, "percent_covered": 57.142857142857146, "percent_covered_display": "57", "missing_lines": 6, "excluded_lines": 0, "percent_statements_covered": 57.142857142857146, "percent_statements_covered_display": "57"}, "missing_lines": [223, 224, 227, 233, 237, 238], "excluded_lines": [], "start_line": 209}, "": {"executed_lines": [3, 4, 5, 6, 8, 10, 11, 13, 15, 18, 39, 67, 83, 84, 138, 175, 208, 209], "summary": {"covered_lines": 18, "num_statements": 18, "percent_covered": 100.0, "percent_covered_display": "100", "missing_lines": 0, "excluded_lines": 0, "percent_statements_covered": 100.0, "percent_statements_covered_display": "100"}, "missing_lines": [], "excluded_lines": [], "start_line": 1}}, "classes": {"": {"executed_lines": [3, 4, 5, 6, 8, 10, 11, 13, 15, 18, 39, 67, 83, 84, 102, 103, 107, 108, 110, 113, 114, 118, 120, 123, 132, 138, 175, 208, 209, 221, 222, 226, 229, 230, 232, 235, 236], "summary": {"covered_lines": 37, "num_statements": 137, "percent_covered": 27.00729927007299, "percent_covered_display": "27", "missing_lines": 100, "excluded_lines": 0, "percent_statements_covered": 27.00729927007299, "percent_statements_covered_display": "27"}, "missing_lines": [31, 32, 33, 34, 35, 36, 41, 43, 44, 46, 48, 49, 50, 51, 52, 54, 55, 56, 57, 58, 59, 60, 61, 63, 64, 69, 70, 72, 73, 74, 75, 76, 77, 79, 80, 104, 105, 111, 119, 121, 124, 125, 126, 127, 129, 130, 134, 135, 140, 141, 142, 143, 145, 147, 148, 149, 150, 151, 153, 155, 156, 158, 159, 160, 162, 164, 165, 167, 169, 170, 171, 172, 177, 179, 181, 182, 183, 185, 186, 187, 188, 189, 191, 193, 194, 195, 196, 198, 199, 200, 201, 202, 203, 205, 223, 224, 227, 233, 237, 238], "excluded_lines": [], "start_line": 1}}}, "app\\agents\\tools\\image.py": {"executed_lines": [3, 4, 5, 8, 9, 46, 47], "summary": {"covered_lines": 7, "num_statements": 13, "percent_covered": 53.84615384615385, "percent_covered_display": "54", "missing_lines": 6, "excluded_lines": 0, "percent_statements_covered": 53.84615384615385, "percent_statements_covered_display": "54"}, "missing_lines": [34, 35, 37, 68, 69, 71], "excluded_lines": [], "functions": {"generate_image": {"executed_lines": [], "summary": {"covered_lines": 0, "num_statements": 3, "percent_covered": 0.0, "percent_covered_display": "0", "missing_lines": 3, "excluded_lines": 0, "percent_statements_covered": 0.0, "percent_statements_covered_display": "0"}, "missing_lines": [34, 35, 37], "excluded_lines": [], "start_line": 9}, "edit_image": {"executed_lines": [], "summary": {"covered_lines": 0, "num_statements": 3, "percent_covered": 0.0, "percent_covered_display": "0", "missing_lines": 3, "excluded_lines": 0, "percent_statements_covered": 0.0, "percent_statements_covered_display": "0"}, "missing_lines": [68, 69, 71], "excluded_lines": [], "start_line": 47}, "": {"executed_lines": [3, 4, 5, 8, 9, 46, 47], "summary": {"covered_lines": 7, "num_statements": 7, "percent_covered": 100.0, "percent_covered_display": "100", "missing_lines": 0, "excluded_lines": 0, "percent_statements_covered": 100.0, "percent_statements_covered_display": "100"}, "missing_lines": [], "excluded_lines": [], "start_line": 1}}, "classes": {"": {"executed_lines": [3, 4, 5, 8, 9, 46, 47], "summary": {"covered_lines": 7, "num_statements": 13, "percent_covered": 53.84615384615385, "percent_covered_display": "54", "missing_lines": 6, "excluded_lines": 0, "percent_statements_covered": 53.84615384615385, "percent_statements_covered_display": "54"}, "missing_lines": [34, 35, 37, 68, 69, 71], "excluded_lines": [], "start_line": 1}}}, "app\\agents\\tools\\multimodal.py": {"executed_lines": [3, 4, 5, 8, 9, 37, 38], "summary": {"covered_lines": 7, "num_statements": 19, "percent_covered": 36.8421052631579, "percent_covered_display": "37", "missing_lines": 12, "excluded_lines": 0, "percent_statements_covered": 36.8421052631579, "percent_statements_covered_display": "37"}, "missing_lines": [27, 29, 30, 31, 33, 34, 58, 60, 61, 62, 64, 65], "excluded_lines": [], "functions": {"understand_image": {"executed_lines": [], "summary": {"covered_lines": 0, "num_statements": 6, "percent_covered": 0.0, "percent_covered_display": "0", "missing_lines": 6, "excluded_lines": 0, "percent_statements_covered": 0.0, "percent_statements_covered_display": "0"}, "missing_lines": [27, 29, 30, 31, 33, 34], "excluded_lines": [], "start_line": 9}, "ocr_document": {"executed_lines": [], "summary": {"covered_lines": 0, "num_statements": 6, "percent_covered": 0.0, "percent_covered_display": "0", "missing_lines": 6, "excluded_lines": 0, "percent_statements_covered": 0.0, "percent_statements_covered_display": "0"}, "missing_lines": [58, 60, 61, 62, 64, 65], "excluded_lines": [], "start_line": 38}, "": {"executed_lines": [3, 4, 5, 8, 9, 37, 38], "summary": {"covered_lines": 7, "num_statements": 7, "percent_covered": 100.0, "percent_covered_display": "100", "missing_lines": 0, "excluded_lines": 0, "percent_statements_covered": 100.0, "percent_statements_covered_display": "100"}, "missing_lines": [], "excluded_lines": [], "start_line": 1}}, "classes": {"": {"executed_lines": [3, 4, 5, 8, 9, 37, 38], "summary": {"covered_lines": 7, "num_statements": 19, "percent_covered": 36.8421052631579, "percent_covered_display": "37", "missing_lines": 12, "excluded_lines": 0, "percent_statements_covered": 36.8421052631579, "percent_statements_covered_display": "37"}, "missing_lines": [27, 29, 30, 31, 33, 34, 58, 60, 61, 62, 64, 65], "excluded_lines": [], "start_line": 1}}}, "app\\agents\\tools\\rag.py": {"executed_lines": [3, 4, 5, 8, 9, 30, 31, 33, 34, 41, 42, 43, 44, 50], "summary": {"covered_lines": 14, "num_statements": 14, "percent_covered": 100.0, "percent_covered_display": "100", "missing_lines": 0, "excluded_lines": 0, "percent_statements_covered": 100.0, "percent_statements_covered_display": "100"}, "missing_lines": [], "excluded_lines": [], "functions": {"search_knowledge_base": {"executed_lines": [30, 31, 33, 34, 41, 42, 43, 44, 50], "summary": {"covered_lines": 9, "num_statements": 9, "percent_covered": 100.0, "percent_covered_display": "100", "missing_lines": 0, "excluded_lines": 0, "percent_statements_covered": 100.0, "percent_statements_covered_display": "100"}, "missing_lines": [], "excluded_lines": [], "start_line": 9}, "": {"executed_lines": [3, 4, 5, 8, 9], "summary": {"covered_lines": 5, "num_statements": 5, "percent_covered": 100.0, "percent_covered_display": "100", "missing_lines": 0, "excluded_lines": 0, "percent_statements_covered": 100.0, "percent_statements_covered_display": "100"}, "missing_lines": [], "excluded_lines": [], "start_line": 1}}, "classes": {"": {"executed_lines": [3, 4, 5, 8, 9, 30, 31, 33, 34, 41, 42, 43, 44, 50], "summary": {"covered_lines": 14, "num_statements": 14, "percent_covered": 100.0, "percent_covered_display": "100", "missing_lines": 0, "excluded_lines": 0, "percent_statements_covered": 100.0, "percent_statements_covered_display": "100"}, "missing_lines": [], "excluded_lines": [], "start_line": 1}}}, "app\\agents\\tools\\translation.py": {"executed_lines": [3, 4, 5, 8, 9, 34, 36, 40, 45, 47], "summary": {"covered_lines": 10, "num_statements": 10, "percent_covered": 100.0, "percent_covered_display": "100", "missing_lines": 0, "excluded_lines": 0, "percent_statements_covered": 100.0, "percent_statements_covered_display": "100"}, "missing_lines": [], "excluded_lines": [], "functions": {"translate_text": {"executed_lines": [34, 36, 40, 45, 47], "summary": {"covered_lines": 5, "num_statements": 5, "percent_covered": 100.0, "percent_covered_display": "100", "missing_lines": 0, "excluded_lines": 0, "percent_statements_covered": 100.0, "percent_statements_covered_display": "100"}, "missing_lines": [], "excluded_lines": [], "start_line": 9}, "": {"executed_lines": [3, 4, 5, 8, 9], "summary": {"covered_lines": 5, "num_statements": 5, "percent_covered": 100.0, "percent_covered_display": "100", "missing_lines": 0, "excluded_lines": 0, "percent_statements_covered": 100.0, "percent_statements_covered_display": "100"}, "missing_lines": [], "excluded_lines": [], "start_line": 1}}, "classes": {"": {"executed_lines": [3, 4, 5, 8, 9, 34, 36, 40, 45, 47], "summary": {"covered_lines": 10, "num_statements": 10, "percent_covered": 100.0, "percent_covered_display": "100", "missing_lines": 0, "excluded_lines": 0, "percent_statements_covered": 100.0, "percent_statements_covered_display": "100"}, "missing_lines": [], "excluded_lines": [], "start_line": 1}}}, "app\\agents\\tools\\web_search.py": {"executed_lines": [3, 4, 5, 6, 8, 11, 12, 31, 39, 40, 41, 42, 47], "summary": {"covered_lines": 13, "num_statements": 13, "percent_covered": 100.0, "percent_covered_display": "100", "missing_lines": 0, "excluded_lines": 0, "percent_statements_covered": 100.0, "percent_statements_covered_display": "100"}, "missing_lines": [], "excluded_lines": [], "functions": {"web_search": {"executed_lines": [31, 39, 40, 41, 42, 47], "summary": {"covered_lines": 6, "num_statements": 6, "percent_covered": 100.0, "percent_covered_display": "100", "missing_lines": 0, "excluded_lines": 0, "percent_statements_covered": 100.0, "percent_statements_covered_display": "100"}, "missing_lines": [], "excluded_lines": [], "start_line": 12}, "": {"executed_lines": [3, 4, 5, 6, 8, 11, 12], "summary": {"covered_lines": 7, "num_statements": 7, "percent_covered": 100.0, "percent_covered_display": "100", "missing_lines": 0, "excluded_lines": 0, "percent_statements_covered": 100.0, "percent_statements_covered_display": "100"}, "missing_lines": [], "excluded_lines": [], "start_line": 1}}, "classes": {"": {"executed_lines": [3, 4, 5, 6, 8, 11, 12, 31, 39, 40, 41, 42, 47], "summary": {"covered_lines": 13, "num_statements": 13, "percent_covered": 100.0, "percent_covered_display": "100", "missing_lines": 0, "excluded_lines": 0, "percent_statements_covered": 100.0, "percent_statements_covered_display": "100"}, "missing_lines": [], "excluded_lines": [], "start_line": 1}}}, "app\\api\\__init__.py": {"executed_lines": [], "summary": {"covered_lines": 0, "num_statements": 0, "percent_covered": 100.0, "percent_covered_display": "100", "missing_lines": 0, "excluded_lines": 0, "percent_statements_covered": 100.0, "percent_statements_covered_display": "100"}, "missing_lines": [], "excluded_lines": [], "functions": {"": {"executed_lines": [], "summary": {"covered_lines": 0, "num_statements": 0, "percent_covered": 100.0, "percent_covered_display": "100", "missing_lines": 0, "excluded_lines": 0, "percent_statements_covered": 100.0, "percent_statements_covered_display": "100"}, "missing_lines": [], "excluded_lines": [], "start_line": 1}}, "classes": {"": {"executed_lines": [], "summary": {"covered_lines": 0, "num_statements": 0, "percent_covered": 100.0, "percent_covered_display": "100", "missing_lines": 0, "excluded_lines": 0, "percent_statements_covered": 100.0, "percent_statements_covered_display": "100"}, "missing_lines": [], "excluded_lines": [], "start_line": 1}}}, "app\\api\\dependencies.py": {"executed_lines": [3, 4, 5, 6, 7, 9, 10, 11, 13, 16, 17, 20, 24, 30, 31, 37, 38, 40, 41, 44, 53, 56, 58], "summary": {"covered_lines": 23, "num_statements": 30, "percent_covered": 76.66666666666667, "percent_covered_display": "77", "missing_lines": 7, "excluded_lines": 0, "percent_statements_covered": 76.66666666666667, "percent_statements_covered_display": "77"}, "missing_lines": [39, 42, 47, 48, 49, 50, 57], "excluded_lines": [], "functions": {"get_token_from_header": {"executed_lines": [17], "summary": {"covered_lines": 1, "num_statements": 1, "percent_covered": 100.0, "percent_covered_display": "100", "missing_lines": 0, "excluded_lines": 0, "percent_statements_covered": 100.0, "percent_statements_covered_display": "100"}, "missing_lines": [], "excluded_lines": [], "start_line": 16}, "get_current_user": {"executed_lines": [24, 30, 31, 37, 38, 40, 41, 44], "summary": {"covered_lines": 8, "num_statements": 14, "percent_covered": 57.142857142857146, "percent_covered_display": "57", "missing_lines": 6, "excluded_lines": 0, "percent_statements_covered": 57.142857142857146, "percent_statements_covered_display": "57"}, "missing_lines": [39, 42, 47, 48, 49, 50], "excluded_lines": [], "start_line": 20}, "get_current_active_user": {"executed_lines": [56, 58], "summary": {"covered_lines": 2, "num_statements": 3, "percent_covered": 66.66666666666667, "percent_covered_display": "67", "missing_lines": 1, "excluded_lines": 0, "percent_statements_covered": 66.66666666666667, "percent_statements_covered_display": "67"}, "missing_lines": [57], "excluded_lines": [], "start_line": 53}, "": {"executed_lines": [3, 4, 5, 6, 7, 9, 10, 11, 13, 16, 20, 53], "summary": {"covered_lines": 12, "num_statements": 12, "percent_covered": 100.0, "percent_covered_display": "100", "missing_lines": 0, "excluded_lines": 0, "percent_statements_covered": 100.0, "percent_statements_covered_display": "100"}, "missing_lines": [], "excluded_lines": [], "start_line": 1}}, "classes": {"": {"executed_lines": [3, 4, 5, 6, 7, 9, 10, 11, 13, 16, 17, 20, 24, 30, 31, 37, 38, 40, 41, 44, 53, 56, 58], "summary": {"covered_lines": 23, "num_statements": 30, "percent_covered": 76.66666666666667, "percent_covered_display": "77", "missing_lines": 7, "excluded_lines": 0, "percent_statements_covered": 76.66666666666667, "percent_statements_covered_display": "77"}, "missing_lines": [39, 42, 47, 48, 49, 50, 57], "excluded_lines": [], "start_line": 1}}}, "app\\api\\exception_handlers.py": {"executed_lines": [3, 4, 5, 7, 8, 11, 25], "summary": {"covered_lines": 7, "num_statements": 8, "percent_covered": 87.5, "percent_covered_display": "88", "missing_lines": 1, "excluded_lines": 0, "percent_statements_covered": 87.5, "percent_statements_covered_display": "88"}, "missing_lines": [13], "excluded_lines": [], "functions": {"dragonai_exception_handler": {"executed_lines": [], "summary": {"covered_lines": 0, "num_statements": 1, "percent_covered": 0.0, "percent_covered_display": "0", "missing_lines": 1, "excluded_lines": 0, "percent_statements_covered": 0.0, "percent_statements_covered_display": "0"}, "missing_lines": [13], "excluded_lines": [], "start_line": 11}, "": {"executed_lines": [3, 4, 5, 7, 8, 11, 25], "summary": {"covered_lines": 7, "num_statements": 7, "percent_covered": 100.0, "percent_covered_display": "100", "missing_lines": 0, "excluded_lines": 0, "percent_statements_covered": 100.0, "percent_statements_covered_display": "100"}, "missing_lines": [], "excluded_lines": [], "start_line": 1}}, "classes": {"": {"executed_lines": [3, 4, 5, 7, 8, 11, 25], "summary": {"covered_lines": 7, "num_statements": 8, "percent_covered": 87.5, "percent_covered_display": "88", "missing_lines": 1, "excluded_lines": 0, "percent_statements_covered": 87.5, "percent_statements_covered_display": "88"}, "missing_lines": [13], "excluded_lines": [], "start_line": 1}}}, "app\\api\\middleware\\__init__.py": {"executed_lines": [3, 4, 5, 7], "summary": {"covered_lines": 4, "num_statements": 4, "percent_covered": 100.0, "percent_covered_display": "100", "missing_lines": 0, "excluded_lines": 0, "percent_statements_covered": 100.0, "percent_statements_covered_display": "100"}, "missing_lines": [], "excluded_lines": [], "functions": {"": {"executed_lines": [3, 4, 5, 7], "summary": {"covered_lines": 4, "num_statements": 4, "percent_covered": 100.0, "percent_covered_display": "100", "missing_lines": 0, "excluded_lines": 0, "percent_statements_covered": 100.0, "percent_statements_covered_display": "100"}, "missing_lines": [], "excluded_lines": [], "start_line": 1}}, "classes": {"": {"executed_lines": [3, 4, 5, 7], "summary": {"covered_lines": 4, "num_statements": 4, "percent_covered": 100.0, "percent_covered_display": "100", "missing_lines": 0, "excluded_lines": 0, "percent_statements_covered": 100.0, "percent_statements_covered_display": "100"}, "missing_lines": [], "excluded_lines": [], "start_line": 1}}}, "app\\api\\middleware\\rate_limit.py": {"executed_lines": [3, 4, 5, 6, 7, 8, 10, 12, 15, 20, 21, 22, 23, 24, 25, 28, 34, 35, 36, 39, 47, 62, 63, 64], "summary": {"covered_lines": 24, "num_statements": 26, "percent_covered": 92.3076923076923, "percent_covered_display": "92", "missing_lines": 2, "excluded_lines": 0, "percent_statements_covered": 92.3076923076923, "percent_statements_covered_display": "92"}, "missing_lines": [49, 50], "excluded_lines": [], "functions": {"get_client_identifier": {"executed_lines": [20, 21, 22, 23, 24, 25], "summary": {"covered_lines": 6, "num_statements": 6, "percent_covered": 100.0, "percent_covered_display": "100", "missing_lines": 0, "excluded_lines": 0, "percent_statements_covered": 100.0, "percent_statements_covered_display": "100"}, "missing_lines": [], "excluded_lines": [], "start_line": 15}, "get_storage_uri": {"executed_lines": [34, 35, 36], "summary": {"covered_lines": 3, "num_statements": 3, "percent_covered": 100.0, "percent_covered_display": "100", "missing_lines": 0, "excluded_lines": 0, "percent_statements_covered": 100.0, "percent_statements_covered_display": "100"}, "missing_lines": [], "excluded_lines": [], "start_line": 28}, "rate_limit_exceeded_handler": {"executed_lines": [], "summary": {"covered_lines": 0, "num_statements": 2, "percent_covered": 0.0, "percent_covered_display": "0", "missing_lines": 2, "excluded_lines": 0, "percent_statements_covered": 0.0, "percent_statements_covered_display": "0"}, "missing_lines": [49, 50], "excluded_lines": [], "start_line": 47}, "": {"executed_lines": [3, 4, 5, 6, 7, 8, 10, 12, 15, 28, 39, 47, 62, 63, 64], "summary": {"covered_lines": 15, "num_statements": 15, "percent_covered": 100.0, "percent_covered_display": "100", "missing_lines": 0, "excluded_lines": 0, "percent_statements_covered": 100.0, "percent_statements_covered_display": "100"}, "missing_lines": [], "excluded_lines": [], "start_line": 1}}, "classes": {"": {"executed_lines": [3, 4, 5, 6, 7, 8, 10, 12, 15, 20, 21, 22, 23, 24, 25, 28, 34, 35, 36, 39, 47, 62, 63, 64], "summary": {"covered_lines": 24, "num_statements": 26, "percent_covered": 92.3076923076923, "percent_covered_display": "92", "missing_lines": 2, "excluded_lines": 0, "percent_statements_covered": 92.3076923076923, "percent_statements_covered_display": "92"}, "missing_lines": [49, 50], "excluded_lines": [], "start_line": 1}}}, "app\\api\\middleware\\request_size_limit.py": {"executed_lines": [3, 4, 5, 7, 10, 13, 14, 15, 16, 17, 18, 27], "summary": {"covered_lines": 12, "num_statements": 12, "percent_covered": 100.0, "percent_covered_display": "100", "missing_lines": 0, "excluded_lines": 0, "percent_statements_covered": 100.0, "percent_statements_covered_display": "100"}, "missing_lines": [], "excluded_lines": [], "functions": {"RequestSizeLimitMiddleware.dispatch": {"executed_lines": [14, 15, 16, 17, 18, 27], "summary": {"covered_lines": 6, "num_statements": 6, "percent_covered": 100.0, "percent_covered_display": "100", "missing_lines": 0, "excluded_lines": 0, "percent_statements_covered": 100.0, "percent_statements_covered_display": "100"}, "missing_lines": [], "excluded_lines": [], "start_line": 13}, "": {"executed_lines": [3, 4, 5, 7, 10, 13], "summary": {"covered_lines": 6, "num_statements": 6, "percent_covered": 100.0, "percent_covered_display": "100", "missing_lines": 0, "excluded_lines": 0, "percent_statements_covered": 100.0, "percent_statements_covered_display": "100"}, "missing_lines": [], "excluded_lines": [], "start_line": 1}}, "classes": {"RequestSizeLimitMiddleware": {"executed_lines": [14, 15, 16, 17, 18, 27], "summary": {"covered_lines": 6, "num_statements": 6, "percent_covered": 100.0, "percent_covered_display": "100", "missing_lines": 0, "excluded_lines": 0, "percent_statements_covered": 100.0, "percent_statements_covered_display": "100"}, "missing_lines": [], "excluded_lines": [], "start_line": 10}, "": {"executed_lines": [3, 4, 5, 7, 10, 13], "summary": {"covered_lines": 6, "num_statements": 6, "percent_covered": 100.0, "percent_covered_display": "100", "missing_lines": 0, "excluded_lines": 0, "percent_statements_covered": 100.0, "percent_statements_covered_display": "100"}, "missing_lines": [], "excluded_lines": [], "start_line": 1}}}, "app\\api\\middleware\\tracing.py": {"executed_lines": [3, 4, 5, 6, 7, 9, 11, 14, 16, 19, 25, 26, 28, 30, 32, 34, 36, 41], "summary": {"covered_lines": 18, "num_statements": 18, "percent_covered": 100.0, "percent_covered_display": "100", "missing_lines": 0, "excluded_lines": 0, "percent_statements_covered": 100.0, "percent_statements_covered_display": "100"}, "missing_lines": [], "excluded_lines": [], "functions": {"get_request_id": {"executed_lines": [16], "summary": {"covered_lines": 1, "num_statements": 1, "percent_covered": 100.0, "percent_covered_display": "100", "missing_lines": 0, "excluded_lines": 0, "percent_statements_covered": 100.0, "percent_statements_covered_display": "100"}, "missing_lines": [], "excluded_lines": [], "start_line": 14}, "RequestTracingMiddleware.dispatch": {"executed_lines": [26, 28, 30, 32, 34, 36, 41], "summary": {"covered_lines": 7, "num_statements": 7, "percent_covered": 100.0, "percent_covered_display": "100", "missing_lines": 0, "excluded_lines": 0, "percent_statements_covered": 100.0, "percent_statements_covered_display": "100"}, "missing_lines": [], "excluded_lines": [], "start_line": 25}, "": {"executed_lines": [3, 4, 5, 6, 7, 9, 11, 14, 19, 25], "summary": {"covered_lines": 10, "num_statements": 10, "percent_covered": 100.0, "percent_covered_display": "100", "missing_lines": 0, "excluded_lines": 0, "percent_statements_covered": 100.0, "percent_statements_covered_display": "100"}, "missing_lines": [], "excluded_lines": [], "start_line": 1}}, "classes": {"RequestTracingMiddleware": {"executed_lines": [26, 28, 30, 32, 34, 36, 41], "summary": {"covered_lines": 7, "num_statements": 7, "percent_covered": 100.0, "percent_covered_display": "100", "missing_lines": 0, "excluded_lines": 0, "percent_statements_covered": 100.0, "percent_statements_covered_display": "100"}, "missing_lines": [], "excluded_lines": [], "start_line": 19}, "": {"executed_lines": [3, 4, 5, 6, 7, 9, 11, 14, 16, 19, 25], "summary": {"covered_lines": 11, "num_statements": 11, "percent_covered": 100.0, "percent_covered_display": "100", "missing_lines": 0, "excluded_lines": 0, "percent_statements_covered": 100.0, "percent_statements_covered_display": "100"}, "missing_lines": [], "excluded_lines": [], "start_line": 1}}}, "app\\api\\v1\\__init__.py": {"executed_lines": [2, 4], "summary": {"covered_lines": 2, "num_statements": 2, "percent_covered": 100.0, "percent_covered_display": "100", "missing_lines": 0, "excluded_lines": 0, "percent_statements_covered": 100.0, "percent_statements_covered_display": "100"}, "missing_lines": [], "excluded_lines": [], "functions": {"": {"executed_lines": [2, 4], "summary": {"covered_lines": 2, "num_statements": 2, "percent_covered": 100.0, "percent_covered_display": "100", "missing_lines": 0, "excluded_lines": 0, "percent_statements_covered": 100.0, "percent_statements_covered_display": "100"}, "missing_lines": [], "excluded_lines": [], "start_line": 1}}, "classes": {"": {"executed_lines": [2, 4], "summary": {"covered_lines": 2, "num_statements": 2, "percent_covered": 100.0, "percent_covered_display": "100", "missing_lines": 0, "excluded_lines": 0, "percent_statements_covered": 100.0, "percent_statements_covered_display": "100"}, "missing_lines": [], "excluded_lines": [], "start_line": 1}}}, "app\\api\\v1\\auth.py": {"executed_lines": [2, 3, 4, 6, 7, 8, 9, 10, 11, 12, 13, 15, 18, 19, 20, 26, 44, 45, 46, 52, 68, 69, 70, 73, 74, 82, 83], "summary": {"covered_lines": 27, "num_statements": 39, "percent_covered": 69.23076923076923, "percent_covered_display": "69", "missing_lines": 12, "excluded_lines": 0, "percent_statements_covered": 69.23076923076923, "percent_statements_covered_display": "69"}, "missing_lines": [27, 28, 33, 34, 35, 36, 41, 53, 54, 60, 61, 65], "excluded_lines": [], "functions": {"register": {"executed_lines": [26], "summary": {"covered_lines": 1, "num_statements": 8, "percent_covered": 12.5, "percent_covered_display": "12", "missing_lines": 7, "excluded_lines": 0, "percent_statements_covered": 12.5, "percent_statements_covered_display": "12"}, "missing_lines": [27, 28, 33, 34, 35, 36, 41], "excluded_lines": [], "start_line": 20}, "login": {"executed_lines": [52], "summary": {"covered_lines": 1, "num_statements": 6, "percent_covered": 16.666666666666668, "percent_covered_display": "17", "missing_lines": 5, "excluded_lines": 0, "percent_statements_covered": 16.666666666666668, "percent_statements_covered_display": "17"}, "missing_lines": [53, 54, 60, 61, 65], "excluded_lines": [], "start_line": 46}, "read_users_me": {"executed_lines": [70], "summary": {"covered_lines": 1, "num_statements": 1, "percent_covered": 100.0, "percent_covered_display": "100", "missing_lines": 0, "excluded_lines": 0, "percent_statements_covered": 100.0, "percent_statements_covered_display": "100"}, "missing_lines": [], "excluded_lines": [], "start_line": 69}, "logout": {"executed_lines": [82, 83], "summary": {"covered_lines": 2, "num_statements": 2, "percent_covered": 100.0, "percent_covered_display": "100", "missing_lines": 0, "excluded_lines": 0, "percent_statements_covered": 100.0, "percent_statements_covered_display": "100"}, "missing_lines": [], "excluded_lines": [], "start_line": 74}, "": {"executed_lines": [2, 3, 4, 6, 7, 8, 9, 10, 11, 12, 13, 15, 18, 19, 20, 44, 45, 46, 68, 69, 73, 74], "summary": {"covered_lines": 22, "num_statements": 22, "percent_covered": 100.0, "percent_covered_display": "100", "missing_lines": 0, "excluded_lines": 0, "percent_statements_covered": 100.0, "percent_statements_covered_display": "100"}, "missing_lines": [], "excluded_lines": [], "start_line": 1}}, "classes": {"": {"executed_lines": [2, 3, 4, 6, 7, 8, 9, 10, 11, 12, 13, 15, 18, 19, 20, 26, 44, 45, 46, 52, 68, 69, 70, 73, 74, 82, 83], "summary": {"covered_lines": 27, "num_statements": 39, "percent_covered": 69.23076923076923, "percent_covered_display": "69", "missing_lines": 12, "excluded_lines": 0, "percent_statements_covered": 69.23076923076923, "percent_statements_covered_display": "69"}, "missing_lines": [27, 28, 33, 34, 35, 36, 41, 53, 54, 60, 61, 65], "excluded_lines": [], "start_line": 1}}}, "app\\api\\v1\\chat.py": {"executed_lines": [1, 2, 3, 4, 6, 7, 8, 9, 10, 15, 16, 17, 19, 20, 23, 24, 25, 33, 50, 51, 52, 58], "summary": {"covered_lines": 22, "num_statements": 30, "percent_covered": 73.33333333333333, "percent_covered_display": "73", "missing_lines": 8, "excluded_lines": 0, "percent_statements_covered": 73.33333333333333, "percent_statements_covered_display": "73"}, "missing_lines": [34, 35, 40, 47, 63, 64, 69, 80], "excluded_lines": [], "functions": {"get_chat_history": {"executed_lines": [33], "summary": {"covered_lines": 1, "num_statements": 5, "percent_covered": 20.0, "percent_covered_display": "20", "missing_lines": 4, "excluded_lines": 0, "percent_statements_covered": 20.0, "percent_statements_covered_display": "20"}, "missing_lines": [34, 35, 40, 47], "excluded_lines": [], "start_line": 25}, "send_chat_message": {"executed_lines": [58], "summary": {"covered_lines": 1, "num_statements": 5, "percent_covered": 20.0, "percent_covered_display": "20", "missing_lines": 4, "excluded_lines": 0, "percent_statements_covered": 20.0, "percent_statements_covered_display": "20"}, "missing_lines": [63, 64, 69, 80], "excluded_lines": [], "start_line": 52}, "": {"executed_lines": [1, 2, 3, 4, 6, 7, 8, 9, 10, 15, 16, 17, 19, 20, 23, 24, 25, 50, 51, 52], "summary": {"covered_lines": 20, "num_statements": 20, "percent_covered": 100.0, "percent_covered_display": "100", "missing_lines": 0, "excluded_lines": 0, "percent_statements_covered": 100.0, "percent_statements_covered_display": "100"}, "missing_lines": [], "excluded_lines": [], "start_line": 1}}, "classes": {"": {"executed_lines": [1, 2, 3, 4, 6, 7, 8, 9, 10, 15, 16, 17, 19, 20, 23, 24, 25, 33, 50, 51, 52, 58], "summary": {"covered_lines": 22, "num_statements": 30, "percent_covered": 73.33333333333333, "percent_covered_display": "73", "missing_lines": 8, "excluded_lines": 0, "percent_statements_covered": 73.33333333333333, "percent_statements_covered_display": "73"}, "missing_lines": [34, 35, 40, 47, 63, 64, 69, 80], "excluded_lines": [], "start_line": 1}}}, "app\\api\\v1\\conversations.py": {"executed_lines": [2, 3, 4, 6, 7, 8, 9, 10, 12, 14, 17, 18, 24, 27, 28, 33, 42, 43, 48, 51, 52, 58, 72, 73, 78, 86, 87, 92, 101, 102, 107], "summary": {"covered_lines": 31, "num_statements": 45, "percent_covered": 68.88888888888889, "percent_covered_display": "69", "missing_lines": 14, "excluded_lines": 0, "percent_statements_covered": 68.88888888888889, "percent_statements_covered_display": "69"}, "missing_lines": [34, 35, 39, 64, 65, 69, 79, 80, 93, 94, 98, 108, 109, 113], "excluded_lines": [], "functions": {"get_conversations": {"executed_lines": [24], "summary": {"covered_lines": 1, "num_statements": 1, "percent_covered": 100.0, "percent_covered_display": "100", "missing_lines": 0, "excluded_lines": 0, "percent_statements_covered": 100.0, "percent_statements_covered_display": "100"}, "missing_lines": [], "excluded_lines": [], "start_line": 18}, "get_conversation": {"executed_lines": [33], "summary": {"covered_lines": 1, "num_statements": 4, "percent_covered": 25.0, "percent_covered_display": "25", "missing_lines": 3, "excluded_lines": 0, "percent_statements_covered": 25.0, "percent_statements_covered_display": "25"}, "missing_lines": [34, 35, 39], "excluded_lines": [], "start_line": 28}, "create_conversation": {"executed_lines": [48], "summary": {"covered_lines": 1, "num_statements": 1, "percent_covered": 100.0, "percent_covered_display": "100", "missing_lines": 0, "excluded_lines": 0, "percent_statements_covered": 100.0, "percent_statements_covered_display": "100"}, "missing_lines": [], "excluded_lines": [], "start_line": 43}, "update_conversation": {"executed_lines": [58], "summary": {"covered_lines": 1, "num_statements": 4, "percent_covered": 25.0, "percent_covered_display": "25", "missing_lines": 3, "excluded_lines": 0, "percent_statements_covered": 25.0, "percent_statements_covered_display": "25"}, "missing_lines": [64, 65, 69], "excluded_lines": [], "start_line": 52}, "delete_conversation": {"executed_lines": [78], "summary": {"covered_lines": 1, "num_statements": 3, "percent_covered": 33.333333333333336, "percent_covered_display": "33", "missing_lines": 2, "excluded_lines": 0, "percent_statements_covered": 33.333333333333336, "percent_statements_covered_display": "33"}, "missing_lines": [79, 80], "excluded_lines": [], "start_line": 73}, "pin_conversation": {"executed_lines": [92], "summary": {"covered_lines": 1, "num_statements": 4, "percent_covered": 25.0, "percent_covered_display": "25", "missing_lines": 3, "excluded_lines": 0, "percent_statements_covered": 25.0, "percent_statements_covered_display": "25"}, "missing_lines": [93, 94, 98], "excluded_lines": [], "start_line": 87}, "unpin_conversation": {"executed_lines": [107], "summary": {"covered_lines": 1, "num_statements": 4, "percent_covered": 25.0, "percent_covered_display": "25", "missing_lines": 3, "excluded_lines": 0, "percent_statements_covered": 25.0, "percent_statements_covered_display": "25"}, "missing_lines": [108, 109, 113], "excluded_lines": [], "start_line": 102}, "": {"executed_lines": [2, 3, 4, 6, 7, 8, 9, 10, 12, 14, 17, 18, 27, 28, 42, 43, 51, 52, 72, 73, 86, 87, 101, 102], "summary": {"covered_lines": 24, "num_statements": 24, "percent_covered": 100.0, "percent_covered_display": "100", "missing_lines": 0, "excluded_lines": 0, "percent_statements_covered": 100.0, "percent_statements_covered_display": "100"}, "missing_lines": [], "excluded_lines": [], "start_line": 1}}, "classes": {"": {"executed_lines": [2, 3, 4, 6, 7, 8, 9, 10, 12, 14, 17, 18, 24, 27, 28, 33, 42, 43, 48, 51, 52, 58, 72, 73, 78, 86, 87, 92, 101, 102, 107], "summary": {"covered_lines": 31, "num_statements": 45, "percent_covered": 68.88888888888889, "percent_covered_display": "69", "missing_lines": 14, "excluded_lines": 0, "percent_statements_covered": 68.88888888888889, "percent_statements_covered_display": "69"}, "missing_lines": [34, 35, 39, 64, 65, 69, 79, 80, 93, 94, 98, 108, 109, 113], "excluded_lines": [], "start_line": 1}}}, "app\\api\\v1\\files.py": {"executed_lines": [2, 3, 12, 13, 15, 16, 17, 18, 19, 22, 25, 27, 28, 29, 30, 31, 32, 33, 36, 37, 49, 50], "summary": {"covered_lines": 22, "num_statements": 37, "percent_covered": 59.45945945945946, "percent_covered_display": "59", "missing_lines": 15, "excluded_lines": 0, "percent_statements_covered": 59.45945945945946, "percent_statements_covered_display": "59"}, "missing_lines": [42, 43, 44, 45, 46, 56, 57, 62, 63, 68, 69, 74, 75, 76, 80], "excluded_lines": [], "functions": {"upload_files": {"executed_lines": [], "summary": {"covered_lines": 0, "num_statements": 5, "percent_covered": 0.0, "percent_covered_display": "0", "missing_lines": 5, "excluded_lines": 0, "percent_statements_covered": 0.0, "percent_statements_covered_display": "0"}, "missing_lines": [42, 43, 44, 45, 46], "excluded_lines": [], "start_line": 37}, "download_file": {"executed_lines": [], "summary": {"covered_lines": 0, "num_statements": 10, "percent_covered": 0.0, "percent_covered_display": "0", "missing_lines": 10, "excluded_lines": 0, "percent_statements_covered": 0.0, "percent_statements_covered_display": "0"}, "missing_lines": [56, 57, 62, 63, 68, 69, 74, 75, 76, 80], "excluded_lines": [], "start_line": 50}, "": {"executed_lines": [2, 3, 12, 13, 15, 16, 17, 18, 19, 22, 25, 27, 28, 29, 30, 31, 32, 33, 36, 37, 49, 50], "summary": {"covered_lines": 22, "num_statements": 22, "percent_covered": 100.0, "percent_covered_display": "100", "missing_lines": 0, "excluded_lines": 0, "percent_statements_covered": 100.0, "percent_statements_covered_display": "100"}, "missing_lines": [], "excluded_lines": [], "start_line": 1}}, "classes": {"FileUploadResponse": {"executed_lines": [], "summary": {"covered_lines": 0, "num_statements": 0, "percent_covered": 100.0, "percent_covered_display": "100", "missing_lines": 0, "excluded_lines": 0, "percent_statements_covered": 100.0, "percent_statements_covered_display": "100"}, "missing_lines": [], "excluded_lines": [], "start_line": 25}, "": {"executed_lines": [2, 3, 12, 13, 15, 16, 17, 18, 19, 22, 25, 27, 28, 29, 30, 31, 32, 33, 36, 37, 49, 50], "summary": {"covered_lines": 22, "num_statements": 37, "percent_covered": 59.45945945945946, "percent_covered_display": "59", "missing_lines": 15, "excluded_lines": 0, "percent_statements_covered": 59.45945945945946, "percent_statements_covered_display": "59"}, "missing_lines": [42, 43, 44, 45, 46, 56, 57, 62, 63, 68, 69, 74, 75, 76, 80], "excluded_lines": [], "start_line": 1}}}, "app\\api\\v1\\knowledge.py": {"executed_lines": [2, 3, 4, 6, 8, 11, 12, 13, 16, 17, 18, 21, 22, 25, 26, 27, 28, 29, 30, 33, 34, 35, 36, 39, 40, 41, 44, 45, 67, 68, 86, 87, 97, 98, 113, 114], "summary": {"covered_lines": 36, "num_statements": 63, "percent_covered": 57.142857142857146, "percent_covered_display": "57", "missing_lines": 27, "excluded_lines": 0, "percent_statements_covered": 57.142857142857146, "percent_statements_covered_display": "57"}, "missing_lines": [49, 50, 51, 56, 63, 64, 72, 73, 77, 81, 82, 83, 90, 91, 92, 93, 94, 102, 103, 104, 109, 110, 117, 118, 119, 120, 121], "excluded_lines": [], "functions": {"upload_document": {"executed_lines": [], "summary": {"covered_lines": 0, "num_statements": 6, "percent_covered": 0.0, "percent_covered_display": "0", "missing_lines": 6, "excluded_lines": 0, "percent_statements_covered": 0.0, "percent_statements_covered_display": "0"}, "missing_lines": [49, 50, 51, 56, 63, 64], "excluded_lines": [], "start_line": 45}, "search_knowledge": {"executed_lines": [], "summary": {"covered_lines": 0, "num_statements": 6, "percent_covered": 0.0, "percent_covered_display": "0", "missing_lines": 6, "excluded_lines": 0, "percent_statements_covered": 0.0, "percent_statements_covered_display": "0"}, "missing_lines": [72, 73, 77, 81, 82, 83], "excluded_lines": [], "start_line": 68}, "get_stats": {"executed_lines": [], "summary": {"covered_lines": 0, "num_statements": 5, "percent_covered": 0.0, "percent_covered_display": "0", "missing_lines": 5, "excluded_lines": 0, "percent_statements_covered": 0.0, "percent_statements_covered_display": "0"}, "missing_lines": [90, 91, 92, 93, 94], "excluded_lines": [], "start_line": 87}, "delete_document": {"executed_lines": [], "summary": {"covered_lines": 0, "num_statements": 5, "percent_covered": 0.0, "percent_covered_display": "0", "missing_lines": 5, "excluded_lines": 0, "percent_statements_covered": 0.0, "percent_statements_covered_display": "0"}, "missing_lines": [102, 103, 104, 109, 110], "excluded_lines": [], "start_line": 98}, "delete_collection": {"executed_lines": [], "summary": {"covered_lines": 0, "num_statements": 5, "percent_covered": 0.0, "percent_covered_display": "0", "missing_lines": 5, "excluded_lines": 0, "percent_statements_covered": 0.0, "percent_statements_covered_display": "0"}, "missing_lines": [117, 118, 119, 120, 121], "excluded_lines": [], "start_line": 114}, "": {"executed_lines": [2, 3, 4, 6, 8, 11, 12, 13, 16, 17, 18, 21, 22, 25, 26, 27, 28, 29, 30, 33, 34, 35, 36, 39, 40, 41, 44, 45, 67, 68, 86, 87, 97, 98, 113, 114], "summary": {"covered_lines": 36, "num_statements": 36, "percent_covered": 100.0, "percent_covered_display": "100", "missing_lines": 0, "excluded_lines": 0, "percent_statements_covered": 100.0, "percent_statements_covered_display": "100"}, "missing_lines": [], "excluded_lines": [], "start_line": 1}}, "classes": {"SearchRequest": {"executed_lines": [], "summary": {"covered_lines": 0, "num_statements": 0, "percent_covered": 100.0, "percent_covered_display": "100", "missing_lines": 0, "excluded_lines": 0, "percent_statements_covered": 100.0, "percent_statements_covered_display": "100"}, "missing_lines": [], "excluded_lines": [], "start_line": 11}, "DocumentResponse": {"executed_lines": [], "summary": {"covered_lines": 0, "num_statements": 0, "percent_covered": 100.0, "percent_covered_display": "100", "missing_lines": 0, "excluded_lines": 0, "percent_statements_covered": 100.0, "percent_statements_covered_display": "100"}, "missing_lines": [], "excluded_lines": [], "start_line": 16}, "SearchResult": {"executed_lines": [], "summary": {"covered_lines": 0, "num_statements": 0, "percent_covered": 100.0, "percent_covered_display": "100", "missing_lines": 0, "excluded_lines": 0, "percent_statements_covered": 100.0, "percent_statements_covered_display": "100"}, "missing_lines": [], "excluded_lines": [], "start_line": 21}, "UploadResponse": {"executed_lines": [], "summary": {"covered_lines": 0, "num_statements": 0, "percent_covered": 100.0, "percent_covered_display": "100", "missing_lines": 0, "excluded_lines": 0, "percent_statements_covered": 100.0, "percent_statements_covered_display": "100"}, "missing_lines": [], "excluded_lines": [], "start_line": 25}, "DeleteResponse": {"executed_lines": [], "summary": {"covered_lines": 0, "num_statements": 0, "percent_covered": 100.0, "percent_covered_display": "100", "missing_lines": 0, "excluded_lines": 0, "percent_statements_covered": 100.0, "percent_statements_covered_display": "100"}, "missing_lines": [], "excluded_lines": [], "start_line": 33}, "StatsResponse": {"executed_lines": [], "summary": {"covered_lines": 0, "num_statements": 0, "percent_covered": 100.0, "percent_covered_display": "100", "missing_lines": 0, "excluded_lines": 0, "percent_statements_covered": 100.0, "percent_statements_covered_display": "100"}, "missing_lines": [], "excluded_lines": [], "start_line": 39}, "": {"executed_lines": [2, 3, 4, 6, 8, 11, 12, 13, 16, 17, 18, 21, 22, 25, 26, 27, 28, 29, 30, 33, 34, 35, 36, 39, 40, 41, 44, 45, 67, 68, 86, 87, 97, 98, 113, 114], "summary": {"covered_lines": 36, "num_statements": 63, "percent_covered": 57.142857142857146, "percent_covered_display": "57", "missing_lines": 27, "excluded_lines": 0, "percent_statements_covered": 57.142857142857146, "percent_statements_covered_display": "57"}, "missing_lines": [49, 50, 51, 56, 63, 64, 72, 73, 77, 81, 82, 83, 90, 91, 92, 93, 94, 102, 103, 104, 109, 110, 117, 118, 119, 120, 121], "excluded_lines": [], "start_line": 1}}}, "app\\api\\v1\\models.py": {"executed_lines": [2, 3, 5, 6, 9, 12, 13, 28, 29], "summary": {"covered_lines": 9, "num_statements": 13, "percent_covered": 69.23076923076923, "percent_covered_display": "69", "missing_lines": 4, "excluded_lines": 0, "percent_statements_covered": 69.23076923076923, "percent_statements_covered_display": "69"}, "missing_lines": [15, 25, 31, 68], "excluded_lines": [], "functions": {"get_chat_models": {"executed_lines": [], "summary": {"covered_lines": 0, "num_statements": 2, "percent_covered": 0.0, "percent_covered_display": "0", "missing_lines": 2, "excluded_lines": 0, "percent_statements_covered": 0.0, "percent_statements_covered_display": "0"}, "missing_lines": [15, 25], "excluded_lines": [], "start_line": 13}, "get_tool_models": {"executed_lines": [], "summary": {"covered_lines": 0, "num_statements": 2, "percent_covered": 0.0, "percent_covered_display": "0", "missing_lines": 2, "excluded_lines": 0, "percent_statements_covered": 0.0, "percent_statements_covered_display": "0"}, "missing_lines": [31, 68], "excluded_lines": [], "start_line": 29}, "": {"executed_lines": [2, 3, 5, 6, 9, 12, 13, 28, 29], "summary": {"covered_lines": 9, "num_statements": 9, "percent_covered": 100.0, "percent_covered_display": "100", "missing_lines": 0, "excluded_lines": 0, "percent_statements_covered": 100.0, "percent_statements_covered_display": "100"}, "missing_lines": [], "excluded_lines": [], "start_line": 1}}, "classes": {"": {"executed_lines": [2, 3, 5, 6, 9, 12, 13, 28, 29], "summary": {"covered_lines": 9, "num_statements": 13, "percent_covered": 69.23076923076923, "percent_covered_display": "69", "missing_lines": 4, "excluded_lines": 0, "percent_statements_covered": 69.23076923076923, "percent_statements_covered_display": "69"}, "missing_lines": [15, 25, 31, 68], "excluded_lines": [], "start_line": 1}}}, "app\\api\\v1\\monitoring.py": {"executed_lines": [3, 4, 6, 7, 8, 9, 15, 18, 19, 34, 35, 118, 119, 124, 125], "summary": {"covered_lines": 15, "num_statements": 81, "percent_covered": 18.51851851851852, "percent_covered_display": "19", "missing_lines": 66, "excluded_lines": 0, "percent_statements_covered": 18.51851851851852, "percent_statements_covered_display": "19"}, "missing_lines": [28, 37, 40, 43, 59, 60, 62, 63, 64, 65, 68, 69, 70, 71, 72, 74, 75, 77, 78, 79, 81, 82, 84, 85, 86, 88, 89, 90, 91, 92, 94, 95, 96, 97, 98, 100, 101, 102, 104, 105, 106, 107, 109, 110, 111, 112, 113, 115, 121, 127, 128, 130, 135, 136, 137, 138, 139, 140, 142, 143, 144, 145, 146, 147, 148, 150], "excluded_lines": [], "functions": {"prometheus_metrics": {"executed_lines": [], "summary": {"covered_lines": 0, "num_statements": 1, "percent_covered": 0.0, "percent_covered_display": "0", "missing_lines": 1, "excluded_lines": 0, "percent_statements_covered": 0.0, "percent_statements_covered_display": "0"}, "missing_lines": [28], "excluded_lines": [], "start_line": 19}, "metrics_summary": {"executed_lines": [], "summary": {"covered_lines": 0, "num_statements": 47, "percent_covered": 0.0, "percent_covered_display": "0", "missing_lines": 47, "excluded_lines": 0, "percent_statements_covered": 0.0, "percent_statements_covered_display": "0"}, "missing_lines": [37, 40, 43, 59, 60, 62, 63
[...]
": "100", "missing_lines": 0, "excluded_lines": 0, "percent_statements_covered": 100.0, "percent_statements_covered_display": "100"}, "missing_lines": [], "excluded_lines": [], "start_line": 57}, "UserService.delete_user": {"executed_lines": [70, 71, 72, 73, 74, 75], "summary": {"covered_lines": 6, "num_statements": 6, "percent_covered": 100.0, "percent_covered_display": "100", "missing_lines": 0, "excluded_lines": 0, "percent_statements_covered": 100.0, "percent_statements_covered_display": "100"}, "missing_lines": [], "excluded_lines": [], "start_line": 69}, "get_user_service": {"executed_lines": [79], "summary": {"covered_lines": 1, "num_statements": 1, "percent_covered": 100.0, "percent_covered_display": "100", "missing_lines": 0, "excluded_lines": 0, "percent_statements_covered": 100.0, "percent_statements_covered_display": "100"}, "missing_lines": [], "excluded_lines": [], "start_line": 78}, "": {"executed_lines": [1, 2, 3, 5, 6, 7, 10, 11, 12, 18, 19, 25, 26, 32, 33, 47, 48, 56, 57, 68, 69, 78], "summary": {"covered_lines": 22, "num_statements": 22, "percent_covered": 100.0, "percent_covered_display": "100", "missing_lines": 0, "excluded_lines": 0, "percent_statements_covered": 100.0, "percent_statements_covered_display": "100"}, "missing_lines": [], "excluded_lines": [], "start_line": 1}}, "classes": {"UserService": {"executed_lines": [13, 16, 20, 23, 27, 30, 34, 35, 42, 43, 44, 45, 49, 50, 51, 52, 53, 54, 58, 59, 60, 61, 62, 63, 64, 65, 66, 70, 71, 72, 73, 74, 75], "summary": {"covered_lines": 33, "num_statements": 33, "percent_covered": 100.0, "percent_covered_display": "100", "missing_lines": 0, "excluded_lines": 0, "percent_statements_covered": 100.0, "percent_statements_covered_display": "100"}, "missing_lines": [], "excluded_lines": [], "start_line": 10}, "": {"executed_lines": [1, 2, 3, 5, 6, 7, 10, 11, 12, 18, 19, 25, 26, 32, 33, 47, 48, 56, 57, 68, 69, 78, 79], "summary": {"covered_lines": 23, "num_statements": 23, "percent_covered": 100.0, "percent_covered_display": "100", "missing_lines": 0, "excluded_lines": 0, "percent_statements_covered": 100.0, "percent_statements_covered_display": "100"}, "missing_lines": [], "excluded_lines": [], "start_line": 1}}}, "app\\storage\\__init__.py": {"executed_lines": [2, 3, 4, 6], "summary": {"covered_lines": 4, "num_statements": 4, "percent_covered": 100.0, "percent_covered_display": "100", "missing_lines": 0, "excluded_lines": 0, "percent_statements_covered": 100.0, "percent_statements_covered_display": "100"}, "missing_lines": [], "excluded_lines": [], "functions": {"": {"executed_lines": [2, 3, 4, 6], "summary": {"covered_lines": 4, "num_statements": 4, "percent_covered": 100.0, "percent_covered_display": "100", "missing_lines": 0, "excluded_lines": 0, "percent_statements_covered": 100.0, "percent_statements_covered_display": "100"}, "missing_lines": [], "excluded_lines": [], "start_line": 1}}, "classes": {"": {"executed_lines": [2, 3, 4, 6], "summary": {"covered_lines": 4, "num_statements": 4, "percent_covered": 100.0, "percent_covered_display": "100", "missing_lines": 0, "excluded_lines": 0, "percent_statements_covered": 100.0, "percent_statements_covered_display": "100"}, "missing_lines": [], "excluded_lines": [], "start_line": 1}}}, "app\\storage\\file_storage.py": {"executed_lines": [3, 4, 5, 6, 7, 9, 12, 15, 16, 17, 19, 21, 22, 23, 25, 36, 43, 82, 97, 101, 117, 142], "summary": {"covered_lines": 22, "num_statements": 57, "percent_covered": 38.59649122807018, "percent_covered_display": "39", "missing_lines": 35, "excluded_lines": 0, "percent_statements_covered": 38.59649122807018, "percent_statements_covered_display": "39"}, "missing_lines": [27, 28, 29, 33, 34, 38, 39, 40, 41, 58, 59, 60, 61, 63, 64, 65, 67, 68, 69, 71, 92, 93, 94, 95, 99, 111, 112, 113, 114, 115, 127, 128, 129, 131, 132], "excluded_lines": [], "functions": {"FileStorage.__init__": {"executed_lines": [16, 17], "summary": {"covered_lines": 2, "num_statements": 2, "percent_covered": 100.0, "percent_covered_display": "100", "missing_lines": 0, "excluded_lines": 0, "percent_statements_covered": 100.0, "percent_statements_covered_display": "100"}, "missing_lines": [], "excluded_lines": [], "start_line": 15}, "FileStorage._ensure_directories": {"executed_lines": [21, 22, 23], "summary": {"covered_lines": 3, "num_statements": 3, "percent_covered": 100.0, "percent_covered_display": "100", "missing_lines": 0, "excluded_lines": 0, "percent_statements_covered": 100.0, "percent_statements_covered_display": "100"}, "missing_lines": [], "excluded_lines": [], "start_line": 19}, "FileStorage._get_subdirectory": {"executed_lines": [], "summary": {"covered_lines": 0, "num_statements": 5, "percent_covered": 0.0, "percent_covered_display": "0", "missing_lines": 5, "excluded_lines": 0, "percent_statements_covered": 0.0, "percent_statements_covered_display": "0"}, "missing_lines": [27, 28, 29, 33, 34], "excluded_lines": [], "start_line": 25}, "FileStorage._generate_filename": {"executed_lines": [], "summary": {"covered_lines": 0, "num_statements": 4, "percent_covered": 0.0, "percent_covered_display": "0", "missing_lines": 4, "excluded_lines": 0, "percent_statements_covered": 0.0, "percent_statements_covered_display": "0"}, "missing_lines": [38, 39, 40, 41], "excluded_lines": [], "start_line": 36}, "FileStorage.save_file": {"executed_lines": [], "summary": {"covered_lines": 0, "num_statements": 11, "percent_covered": 0.0, "percent_covered_display": "0", "missing_lines": 11, "excluded_lines": 0, "percent_statements_covered": 0.0, "percent_statements_covered_display": "0"}, "missing_lines": [58, 59, 60, 61, 63, 64, 65, 67, 68, 69, 71], "excluded_lines": [], "start_line": 43}, "FileStorage.get_file_path": {"executed_lines": [], "summary": {"covered_lines": 0, "num_statements": 4, "percent_covered": 0.0, "percent_covered_display": "0", "missing_lines": 4, "excluded_lines": 0, "percent_statements_covered": 0.0, "percent_statements_covered_display": "0"}, "missing_lines": [92, 93, 94, 95], "excluded_lines": [], "start_line": 82}, "FileStorage.file_exists": {"executed_lines": [], "summary": {"covered_lines": 0, "num_statements": 1, "percent_covered": 0.0, "percent_covered_display": "0", "missing_lines": 1, "excluded_lines": 0, "percent_statements_covered": 0.0, "percent_statements_covered_display": "0"}, "missing_lines": [99], "excluded_lines": [], "start_line": 97}, "FileStorage.delete_file": {"executed_lines": [], "summary": {"covered_lines": 0, "num_statements": 5, "percent_covered": 0.0, "percent_covered_display": "0", "missing_lines": 5, "excluded_lines": 0, "percent_statements_covered": 0.0, "percent_statements_covered_display": "0"}, "missing_lines": [111, 112, 113, 114, 115], "excluded_lines": [], "start_line": 101}, "FileStorage.get_file_info": {"executed_lines": [], "summary": {"covered_lines": 0, "num_statements": 5, "percent_covered": 0.0, "percent_covered_display": "0", "missing_lines": 5, "excluded_lines": 0, "percent_statements_covered": 0.0, "percent_statements_covered_display": "0"}, "missing_lines": [127, 128, 129, 131, 132], "excluded_lines": [], "start_line": 117}, "": {"executed_lines": [3, 4, 5, 6, 7, 9, 12, 15, 19, 25, 36, 43, 82, 97, 101, 117, 142], "summary": {"covered_lines": 17, "num_statements": 17, "percent_covered": 100.0, "percent_covered_display": "100", "missing_lines": 0, "excluded_lines": 0, "percent_statements_covered": 100.0, "percent_statements_covered_display": "100"}, "missing_lines": [], "excluded_lines": [], "start_line": 1}}, "classes": {"FileStorage": {"executed_lines": [16, 17, 21, 22, 23], "summary": {"covered_lines": 5, "num_statements": 40, "percent_covered": 12.5, "percent_covered_display": "12", "missing_lines": 35, "excluded_lines": 0, "percent_statements_covered": 12.5, "percent_statements_covered_display": "12"}, "missing_lines": [27, 28, 29, 33, 34, 38, 39, 40, 41, 58, 59, 60, 61, 63, 64, 65, 67, 68, 69, 71, 92, 93, 94, 95, 99, 111, 112, 113, 114, 115, 127, 128, 129, 131, 132], "excluded_lines": [], "start_line": 12}, "": {"executed_lines": [3, 4, 5, 6, 7, 9, 12, 15, 19, 25, 36, 43, 82, 97, 101, 117, 142], "summary": {"covered_lines": 17, "num_statements": 17, "percent_covered": 100.0, "percent_covered_display": "100", "missing_lines": 0, "excluded_lines": 0, "percent_statements_covered": 100.0, "percent_statements_covered_display": "100"}, "missing_lines": [], "excluded_lines": [], "start_line": 1}}}, "app\\storage\\sandbox.py": {"executed_lines": [3, 4, 5, 7, 9, 12, 18, 20, 30, 35, 40, 41, 53, 55, 58, 59, 61, 62, 64, 66, 68, 69, 81, 83, 84, 85, 87, 89, 90, 99, 100, 101, 102, 103, 105, 106, 115, 116, 118, 119, 120, 122, 123, 125, 127, 128, 137, 139, 140, 141, 142, 143, 145, 147, 148, 150, 151, 152, 153, 154, 156, 157, 159, 160, 162, 163, 164], "summary": {"covered_lines": 67, "num_statements": 69, "percent_covered": 97.10144927536231, "percent_covered_display": "97", "missing_lines": 2, "excluded_lines": 0, "percent_statements_covered": 97.10144927536231, "percent_statements_covered_display": "97"}, "missing_lines": [56, 117], "excluded_lines": [], "functions": {"FileSandbox.validate_path": {"executed_lines": [53, 55, 58, 59, 61, 62, 64, 66], "summary": {"covered_lines": 8, "num_statements": 9, "percent_covered": 88.88888888888889, "percent_covered_display": "89", "missing_lines": 1, "excluded_lines": 0, "percent_statements_covered": 88.88888888888889, "percent_statements_covered_display": "89"}, "missing_lines": [56], "excluded_lines": [], "start_line": 41}, "FileSandbox.validate_path_for_write": {"executed_lines": [81, 83, 84, 85, 87], "summary": {"covered_lines": 5, "num_statements": 5, "percent_covered": 100.0, "percent_covered_display": "100", "missing_lines": 0, "excluded_lines": 0, "percent_statements_covered": 100.0, "percent_statements_covered_display": "100"}, "missing_lines": [], "excluded_lines": [], "start_line": 69}, "FileSandbox.is_safe_path": {"executed_lines": [99, 100, 101, 102, 103], "summary": {"covered_lines": 5, "num_statements": 5, "percent_covered": 100.0, "percent_covered_display": "100", "missing_lines": 0, "excluded_lines": 0, "percent_statements_covered": 100.0, "percent_statements_covered_display": "100"}, "missing_lines": [], "excluded_lines": [], "start_line": 90}, "FileSandbox.is_allowed_extension": {"executed_lines": [115, 116, 118, 119, 120], "summary": {"covered_lines": 5, "num_statements": 6, "percent_covered": 83.33333333333333, "percent_covered_display": "83", "missing_lines": 1, "excluded_lines": 0, "percent_statements_covered": 83.33333333333333, "percent_statements_covered_display": "83"}, "missing_lines": [117], "excluded_lines": [], "start_line": 106}, "FileSandbox.get_sandbox_dir": {"executed_lines": [125], "summary": {"covered_lines": 1, "num_statements": 1, "percent_covered": 100.0, "percent_covered_display": "100", "missing_lines": 0, "excluded_lines": 0, "percent_statements_covered": 100.0, "percent_statements_covered_display": "100"}, "missing_lines": [], "excluded_lines": [], "start_line": 123}, "FileSandbox.to_virtual_path": {"executed_lines": [137, 139, 140, 141, 142, 143, 145], "summary": {"covered_lines": 7, "num_statements": 7, "percent_covered": 100.0, "percent_covered_display": "100", "missing_lines": 0, "excluded_lines": 0, "percent_statements_covered": 100.0, "percent_statements_covered_display": "100"}, "missing_lines": [], "excluded_lines": [], "start_line": 128}, "FileSandbox._is_subpath": {"executed_lines": [150, 151, 152, 153, 154], "summary": {"covered_lines": 5, "num_statements": 5, "percent_covered": 100.0, "percent_covered_display": "100", "missing_lines": 0, "excluded_lines": 0, "percent_statements_covered": 100.0, "percent_statements_covered_display": "100"}, "missing_lines": [], "excluded_lines": [], "start_line": 148}, "FileSandbox._check_blocked_patterns": {"executed_lines": [159, 160, 162, 163, 164], "summary": {"covered_lines": 5, "num_statements": 5, "percent_covered": 100.0, "percent_covered_display": "100", "missing_lines": 0, "excluded_lines": 0, "percent_statements_covered": 100.0, "percent_statements_covered_display": "100"}, "missing_lines": [], "excluded_lines": [], "start_line": 157}, "": {"executed_lines": [3, 4, 5, 7, 9, 12, 18, 20, 30, 35, 40, 41, 68, 69, 89, 90, 105, 106, 122, 123, 127, 128, 147, 148, 156, 157], "summary": {"covered_lines": 26, "num_statements": 26, "percent_covered": 100.0, "percent_covered_display": "100", "missing_lines": 0, "excluded_lines": 0, "percent_statements_covered": 100.0, "percent_statements_covered_display": "100"}, "missing_lines": [], "excluded_lines": [], "start_line": 1}}, "classes": {"FileSandbox": {"executed_lines": [53, 55, 58, 59, 61, 62, 64, 66, 81, 83, 84, 85, 87, 99, 100, 101, 102, 103, 115, 116, 118, 119, 120, 125, 137, 139, 140, 141, 142, 143, 145, 150, 151, 152, 153, 154, 159, 160, 162, 163, 164], "summary": {"covered_lines": 41, "num_statements": 43, "percent_covered": 95.34883720930233, "percent_covered_display": "95", "missing_lines": 2, "excluded_lines": 0, "percent_statements_covered": 95.34883720930233, "percent_statements_covered_display": "95"}, "missing_lines": [56, 117], "excluded_lines": [], "start_line": 12}, "": {"executed_lines": [3, 4, 5, 7, 9, 12, 18, 20, 30, 35, 40, 41, 68, 69, 89, 90, 105, 106, 122, 123, 127, 128, 147, 148, 156, 157], "summary": {"covered_lines": 26, "num_statements": 26, "percent_covered": 100.0, "percent_covered_display": "100", "missing_lines": 0, "excluded_lines": 0, "percent_statements_covered": 100.0, "percent_statements_covered_display": "100"}, "missing_lines": [], "excluded_lines": [], "start_line": 1}}}, "app\\utils\\__init__.py": {"executed_lines": [1, 2, 4], "summary": {"covered_lines": 3, "num_statements": 3, "percent_covered": 100.0, "percent_covered_display": "100", "missing_lines": 0, "excluded_lines": 0, "percent_statements_covered": 100.0, "percent_statements_covered_display": "100"}, "missing_lines": [], "excluded_lines": [], "functions": {"": {"executed_lines": [1, 2, 4], "summary": {"covered_lines": 3, "num_statements": 3, "percent_covered": 100.0, "percent_covered_display": "100", "missing_lines": 0, "excluded_lines": 0, "percent_statements_covered": 100.0, "percent_statements_covered_display": "100"}, "missing_lines": [], "excluded_lines": [], "start_line": 1}}, "classes": {"": {"executed_lines": [1, 2, 4], "summary": {"covered_lines": 3, "num_statements": 3, "percent_covered": 100.0, "percent_covered_display": "100", "missing_lines": 0, "excluded_lines": 0, "percent_statements_covered": 100.0, "percent_statements_covered_display": "100"}, "missing_lines": [], "excluded_lines": [], "start_line": 1}}}, "app\\utils\\image_utils.py": {"executed_lines": [1, 2, 3, 6, 40, 62, 80], "summary": {"covered_lines": 7, "num_statements": 31, "percent_covered": 22.580645161290324, "percent_covered_display": "23", "missing_lines": 24, "excluded_lines": 0, "percent_statements_covered": 22.580645161290324, "percent_statements_covered_display": "23"}, "missing_lines": [21, 22, 24, 25, 27, 29, 30, 31, 33, 34, 35, 37, 49, 51, 52, 53, 55, 56, 57, 59, 72, 74, 89, 90], "excluded_lines": [], "functions": {"resolve_image_source_async": {"executed_lines": [], "summary": {"covered_lines": 0, "num_statements": 12, "percent_covered": 0.0, "percent_covered_display": "0", "missing_lines": 12, "excluded_lines": 0, "percent_statements_covered": 0.0, "percent_statements_covered_display": "0"}, "missing_lines": [21, 22, 24, 25, 27, 29, 30, 31, 33, 34, 35, 37], "excluded_lines": [], "start_line": 6}, "_encode_local_file": {"executed_lines": [], "summary": {"covered_lines": 0, "num_statements": 8, "percent_covered": 0.0, "percent_covered_display": "0", "missing_lines": 8, "excluded_lines": 0, "percent_statements_covered": 0.0, "percent_statements_covered_display": "0"}, "missing_lines": [49, 51, 52, 53, 55, 56, 57, 59], "excluded_lines": [], "start_line": 40}, "build_openai_image_content_async": {"executed_lines": [], "summary": {"covered_lines": 0, "num_statements": 2, "percent_covered": 0.0, "percent_covered_display": "0", "missing_lines": 2, "excluded_lines": 0, "percent_statements_covered": 0.0, "percent_statements_covered_display": "0"}, "missing_lines": [72, 74], "excluded_lines": [], "start_line": 62}, "build_qwen_image_content_async": {"executed_lines": [], "summary": {"covered_lines": 0, "num_statements": 2, "percent_covered": 0.0, "percent_covered_display": "0", "missing_lines": 2, "excluded_lines": 0, "percent_statements_covered": 0.0, "percent_statements_covered_display": "0"}, "missing_lines": [89, 90], "excluded_lines": [], "start_line": 80}, "": {"executed_lines": [1, 2, 3, 6, 40, 62, 80], "summary": {"covered_lines": 7, "num_statements": 7, "percent_covered": 100.0, "percent_covered_display": "100", "missing_lines": 0, "excluded_lines": 0, "percent_statements_covered": 100.0, "percent_statements_covered_display": "100"}, "missing_lines": [], "excluded_lines": [], "start_line": 1}}, "classes": {"": {"executed_lines": [1, 2, 3, 6, 40, 62, 80], "summary": {"covered_lines": 7, "num_statements": 31, "percent_covered": 22.580645161290324, "percent_covered_display": "23", "missing_lines": 24, "excluded_lines": 0, "percent_statements_covered": 22.580645161290324, "percent_statements_covered_display": "23"}, "missing_lines": [21, 22, 24, 25, 27, 29, 30, 31, 33, 34, 35, 37, 49, 51, 52, 53, 55, 56, 57, 59, 72, 74, 89, 90], "excluded_lines": [], "start_line": 1}}}, "app\\utils\\serializers.py": {"executed_lines": [1, 2, 3, 6, 8, 11, 40], "summary": {"covered_lines": 7, "num_statements": 28, "percent_covered": 25.0, "percent_covered_display": "25", "missing_lines": 21, "excluded_lines": 0, "percent_statements_covered": 25.0, "percent_statements_covered_display": "25"}, "missing_lines": [16, 17, 19, 20, 21, 22, 23, 24, 25, 26, 27, 28, 29, 30, 31, 32, 33, 34, 35, 37, 42], "excluded_lines": [], "functions": {"is_sqlalchemy_model": {"executed_lines": [8], "summary": {"covered_lines": 1, "num_statements": 1, "percent_covered": 100.0, "percent_covered_display": "100", "missing_lines": 0, "excluded_lines": 0, "percent_statements_covered": 100.0, "percent_statements_covered_display": "100"}, "missing_lines": [], "excluded_lines": [], "start_line": 6}, "model_to_dict": {"executed_lines": [], "summary": {"covered_lines": 0, "num_statements": 20, "percent_covered": 0.0, "percent_covered_display": "0", "missing_lines": 20, "excluded_lines": 0, "percent_statements_covered": 0.0, "percent_statements_covered_display": "0"}, "missing_lines": [16, 17, 19, 20, 21, 22, 23, 24, 25, 26, 27, 28, 29, 30, 31, 32, 33, 34, 35, 37], "excluded_lines": [], "start_line": 11}, "models_to_list": {"executed_lines": [], "summary": {"covered_lines": 0, "num_statements": 1, "percent_covered": 0.0, "percent_covered_display": "0", "missing_lines": 1, "excluded_lines": 0, "percent_statements_covered": 0.0, "percent_statements_covered_display": "0"}, "missing_lines": [42], "excluded_lines": [], "start_line": 40}, "": {"executed_lines": [1, 2, 3, 6, 11, 40], "summary": {"covered_lines": 6, "num_statements": 6, "percent_covered": 100.0, "percent_covered_display": "100", "missing_lines": 0, "excluded_lines": 0, "percent_statements_covered": 100.0, "percent_statements_covered_display": "100"}, "missing_lines": [], "excluded_lines": [], "start_line": 1}}, "classes": {"": {"executed_lines": [1, 2, 3, 6, 8, 11, 40], "summary": {"covered_lines": 7, "num_statements": 28, "percent_covered": 25.0, "percent_covered_display": "25", "missing_lines": 21, "excluded_lines": 0, "percent_statements_covered": 25.0, "percent_statements_covered_display": "25"}, "missing_lines": [16, 17, 19, 20, 21, 22, 23, 24, 25, 26, 27, 28, 29, 30, 31, 32, 33, 34, 35, 37, 42], "excluded_lines": [], "start_line": 1}}}}, "totals": {"covered_lines": 2108, "num_statements": 3628, "percent_covered": 58.10363836824697, "percent_covered_display": "58", "missing_lines": 1520, "excluded_lines": 2, "percent_statements_covered": 58.10363836824697, "percent_statements_covered_display": "58"}}